<?xml version="1.0" encoding="utf-8"?>
<coverage line-rate="1" branch-rate="1" version="1.9" timestamp="1784781908" lines-covered="501" lines-valid="501" branches-covered="164" branches-valid="164">
  <sources>
    <source>D:/DevData/dotnet-shared-kernel/src/EricksonLopez.SharedKernel/</source>
  </sources>
  <packages>
    <package name="EricksonLopez.SharedKernel" line-rate="1" branch-rate="1" complexity="272">
      <classes>
        <class name="EricksonLopez.SharedKernel.Specifications.Specification`1" filename="Specifications/Specification.cs" line-rate="1" branch-rate="1" complexity="9">
          <methods>
            <method name="IsSatisfiedBy" signature="(T)" line-rate="1" branch-rate="1" complexity="1">
              <lines>
                <line number="53" hits="43" branch="False" />
              </lines>
            </method>
            <method name="Evaluate" signature="(T)" line-rate="1" branch-rate="1" complexity="2">
              <lines>
                <line number="73" hits="28" branch="False" />
                <line number="77" hits="28" branch="True" condition-coverage="100% (2/2)">
                  <conditions>
                    <condition number="7" type="jump" coverage="100%" />
                  </conditions>
                </line>
                <line number="79" hits="28" branch="False" />
                <line number="80" hits="28" branch="False" />
              </lines>
            </method>
            <method name="And" signature="(EricksonLopez.SharedKernel.Specifications.Specification`1&lt;T&gt;)" line-rate="1" branch-rate="1" complexity="1">
              <lines>
                <line number="88" hits="3" branch="False" />
              </lines>
            </method>
            <method name="Or" signature="(EricksonLopez.SharedKernel.Specifications.Specification`1&lt;T&gt;)" line-rate="1" branch-rate="1" complexity="1">
              <lines>
                <line number="94" hits="3" branch="False" />
              </lines>
            </method>
            <method name="Not" signature="()" line-rate="1" branch-rate="1" complexity="1">
              <lines>
                <line number="100" hits="3" branch="False" />
              </lines>
            </method>
            <method name="op_BitwiseAnd" signature="(EricksonLopez.SharedKernel.Specifications.Specification`1&lt;T&gt;,EricksonLopez.SharedKernel.Specifications.Specification`1&lt;T&gt;)" line-rate="1" branch-rate="1" complexity="1">
              <lines>
                <line number="105" hits="2" branch="False" />
              </lines>
            </method>
            <method name="op_BitwiseOr" signature="(EricksonLopez.SharedKernel.Specifications.Specification`1&lt;T&gt;,EricksonLopez.SharedKernel.Specifications.Specification`1&lt;T&gt;)" line-rate="1" branch-rate="1" complexity="1">
              <lines>
                <line number="108" hits="2" branch="False" />
              </lines>
            </method>
            <method name="op_LogicalNot" signature="(EricksonLopez.SharedKernel.Specifications.Specification`1&lt;T&gt;)" line-rate="1" branch-rate="1" complexity="1">
              <lines>
                <line number="111" hits="2" branch="False" />
              </lines>
            </method>
          </methods>
          <lines>
            <line number="53" hits="43" branch="False" />
            <line number="73" hits="28" branch="False" />
            <line number="77" hits="28" branch="True" condition-coverage="100% (2/2)">
              <conditions>
                <condition number="7" type="jump" coverage="100%" />
              </conditions>
            </line>
            <line number="79" hits="28" branch="False" />
            <line number="80" hits="28" branch="False" />
            <line number="88" hits="3" branch="False" />
            <line number="94" hits="3" branch="False" />
            <line number="100" hits="3" branch="False" />
            <line number="105" hits="2" branch="False" />
            <line number="108" hits="2" branch="False" />
            <line number="111" hits="2" branch="False" />
          </lines>
        </class>
        <class name="EricksonLopez.SharedKernel.Specifications.AndSpecification`1" filename="Specifications/Specification.cs" line-rate="1" branch-rate="1" complexity="4">
          <methods>
            <method name="ToExpression" signature="()" line-rate="1" branch-rate="1" complexity="1">
              <lines>
                <line number="124" hits="1" branch="False" />
                <line number="125" hits="1" branch="False" />
                <line number="126" hits="1" branch="False" />
                <line number="128" hits="1" branch="False" />
                <line number="130" hits="1" branch="False" />
                <line number="131" hits="1" branch="False" />
                <line number="133" hits="1" branch="False" />
                <line number="134" hits="1" branch="False" />
                <line number="136" hits="1" branch="False" />
                <line number="137" hits="1" branch="False" />
                <line number="138" hits="1" branch="False" />
              </lines>
            </method>
            <method name="Evaluate" signature="(T)" line-rate="1" branch-rate="1" complexity="2">
              <lines>
                <line number="142" hits="5" branch="True" condition-coverage="100% (2/2)">
                  <conditions>
                    <condition number="12" type="jump" coverage="100%" />
                  </conditions>
                </line>
              </lines>
            </method>
            <method name=".ctor" signature="(EricksonLopez.SharedKernel.Specifications.Specification`1&lt;T&gt;,EricksonLopez.SharedKernel.Specifications.Specification`1&lt;T&gt;)" line-rate="1" branch-rate="1" complexity="1">
              <lines>
                <line number="120" hits="3" branch="False" />
              </lines>
            </method>
          </methods>
          <lines>
            <line number="124" hits="1" branch="False" />
            <line number="125" hits="1" branch="False" />
            <line number="126" hits="1" branch="False" />
            <line number="128" hits="1" branch="False" />
            <line number="130" hits="1" branch="False" />
            <line number="131" hits="1" branch="False" />
            <line number="133" hits="1" branch="False" />
            <line number="134" hits="1" branch="False" />
            <line number="136" hits="1" branch="False" />
            <line number="137" hits="1" branch="False" />
            <line number="138" hits="1" branch="False" />
            <line number="142" hits="5" branch="True" condition-coverage="100% (2/2)">
              <conditions>
                <condition number="12" type="jump" coverage="100%" />
              </conditions>
            </line>
            <line number="120" hits="3" branch="False" />
          </lines>
        </class>
        <class name="EricksonLopez.SharedKernel.Specifications.OrSpecification`1" filename="Specifications/Specification.cs" line-rate="1" branch-rate="1" complexity="4">
          <methods>
            <method name="ToExpression" signature="()" line-rate="1" branch-rate="1" complexity="1">
              <lines>
                <line number="150" hits="1" branch="False" />
                <line number="151" hits="1" branch="False" />
                <line number="152" hits="1" branch="False" />
                <line number="154" hits="1" branch="False" />
                <line number="156" hits="1" branch="False" />
                <line number="157" hits="1" branch="False" />
                <line number="159" hits="1" branch="False" />
                <line number="160" hits="1" branch="False" />
                <line number="162" hits="1" branch="False" />
                <line number="163" hits="1" branch="False" />
                <line number="164" hits="1" branch="False" />
              </lines>
            </method>
            <method name="Evaluate" signature="(T)" line-rate="1" branch-rate="1" complexity="2">
              <lines>
                <line number="168" hits="6" branch="True" condition-coverage="100% (2/2)">
                  <conditions>
                    <condition number="12" type="jump" coverage="100%" />
                  </conditions>
                </line>
              </lines>
            </method>
            <method name=".ctor" signature="(EricksonLopez.SharedKernel.Specifications.Specification`1&lt;T&gt;,EricksonLopez.SharedKernel.Specifications.Specification`1&lt;T&gt;)" line-rate="1" branch-rate="1" complexity="1">
              <lines>
                <line number="146" hits="3" branch="False" />
              </lines>
            </method>
          </methods>
          <lines>
            <line number="150" hits="1" branch="False" />
            <line number="151" hits="1" branch="False" />
            <line number="152" hits="1" branch="False" />
            <line number="154" hits="1" branch="False" />
            <line number="156" hits="1" branch="False" />
            <line number="157" hits="1" branch="False" />
            <line number="159" hits="1" branch="False" />
            <line number="160" hits="1" branch="False" />
            <line number="162" hits="1" branch="False" />
            <line number="163" hits="1" branch="False" />
            <line number="164" hits="1" branch="False" />
            <line number="168" hits="6" branch="True" condition-coverage="100% (2/2)">
              <conditions>
                <condition number="12" type="jump" coverage="100%" />
              </conditions>
            </line>
            <line number="146" hits="3" branch="False" />
          </lines>
        </class>
        <class name="EricksonLopez.SharedKernel.Specifications.NotSpecification`1" filename="Specifications/Specification.cs" line-rate="1" branch-rate="1" complexity="3">
          <methods>
            <method name="ToExpression" signature="()" line-rate="1" branch-rate="1" complexity="1">
              <lines>
                <line number="175" hits="1" branch="False" />
                <line number="176" hits="1" branch="False" />
                <line number="177" hits="1" branch="False" />
                <line number="178" hits="1" branch="False" />
                <line number="179" hits="1" branch="False" />
              </lines>
            </method>
            <method name="Evaluate" signature="(T)" line-rate="1" branch-rate="1" complexity="1">
              <lines>
                <line number="183" hits="4" branch="False" />
              </lines>
            </method>
            <method name=".ctor" signature="(EricksonLopez.SharedKernel.Specifications.Specification`1&lt;T&gt;)" line-rate="1" branch-rate="1" complexity="1">
              <lines>
                <line number="172" hits="3" branch="False" />
              </lines>
            </method>
          </methods>
          <lines>
            <line number="175" hits="1" branch="False" />
            <line number="176" hits="1" branch="False" />
            <line number="177" hits="1" branch="False" />
            <line number="178" hits="1" branch="False" />
            <line number="179" hits="1" branch="False" />
            <line number="183" hits="4" branch="False" />
            <line number="172" hits="3" branch="False" />
          </lines>
        </class>
        <class name="EricksonLopez.SharedKernel.Specifications.ReplaceExpressionVisitor" filename="Specifications/Specification.cs" line-rate="1" branch-rate="1" complexity="3">
          <methods>
            <method name="Visit" signature="(System.Linq.Expressions.Expression)" line-rate="1" branch-rate="1" complexity="2">
              <lines>
                <line number="189" hits="14" branch="False" />
                <line number="190" hits="14" branch="True" condition-coverage="100% (2/2)">
                  <conditions>
                    <condition number="12" type="jump" coverage="100%" />
                  </conditions>
                </line>
                <line number="191" hits="4" branch="False" />
                <line number="193" hits="10" branch="False" />
                <line number="194" hits="14" branch="False" />
              </lines>
            </method>
            <method name=".ctor" signature="(System.Linq.Expressions.Expression,System.Linq.Expressions.Expression)" line-rate="1" branch-rate="1" complexity="1">
              <lines>
                <line number="186" hits="4" branch="False" />
              </lines>
            </method>
          </methods>
          <lines>
            <line number="189" hits="14" branch="False" />
            <line number="190" hits="14" branch="True" condition-coverage="100% (2/2)">
              <conditions>
                <condition number="12" type="jump" coverage="100%" />
              </conditions>
            </line>
            <line number="191" hits="4" branch="False" />
            <line number="193" hits="10" branch="False" />
            <line number="194" hits="14" branch="False" />
            <line number="186" hits="4" branch="False" />
          </lines>
        </class>
        <class name="EricksonLopez.SharedKernel.Results.Error" filename="Results/Error.cs" line-rate="1" branch-rate="1" complexity="30">
          <methods>
            <method name="get_Code" signature="()" line-rate="1" branch-rate="1" complexity="1">
              <lines>
                <line number="46" hits="23" branch="False" />
              </lines>
            </method>
            <method name="get_Description" signature="()" line-rate="1" branch-rate="1" complexity="1">
              <lines>
                <line number="49" hits="8" branch="False" />
              </lines>
            </method>
            <method name="get_Type" signature="()" line-rate="1" branch-rate="1" complexity="1">
              <lines>
                <line number="52" hits="27" branch="False" />
              </lines>
            </method>
            <method name="get_InnerErrors" signature="()" line-rate="1" branch-rate="1" complexity="2">
              <lines>
                <line number="62" hits="18" branch="True" condition-coverage="100% (2/2)">
                  <conditions>
                    <condition number="7" type="jump" coverage="100%" />
                  </conditions>
                </line>
              </lines>
            </method>
            <method name="get_HasInnerErrors" signature="()" line-rate="1" branch-rate="1" complexity="2">
              <lines>
                <line number="67" hits="18" branch="True" condition-coverage="100% (2/2)">
                  <conditions>
                    <condition number="8" type="jump" coverage="100%" />
                  </conditions>
                </line>
              </lines>
            </method>
            <method name="Failure" signature="(System.String,System.String)" line-rate="1" branch-rate="1" complexity="1">
              <lines>
                <line number="73" hits="23" branch="False" />
              </lines>
            </method>
            <method name="Failure" signature="(System.String,System.String,EricksonLopez.SharedKernel.Results.Error[])" line-rate="1" branch-rate="1" complexity="1">
              <lines>
                <line number="77" hits="6" branch="False" />
              </lines>
            </method>
            <method name="Validation" signature="(System.String,System.String)" line-rate="1" branch-rate="1" complexity="1">
              <lines>
                <line number="81" hits="56" branch="False" />
              </lines>
            </method>
            <method name="Validation" signature="(System.String,System.String,EricksonLopez.SharedKernel.Results.Error[])" line-rate="1" branch-rate="1" complexity="1">
              <lines>
                <line number="85" hits="4" branch="False" />
              </lines>
            </method>
            <method name="NotFound" signature="(System.String,System.String)" line-rate="1" branch-rate="1" complexity="1">
              <lines>
                <line number="89" hits="18" branch="False" />
              </lines>
            </method>
            <method name="NotFound" signature="(System.String,System.String,EricksonLopez.SharedKernel.Results.Error[])" line-rate="1" branch-rate="1" complexity="1">
              <lines>
                <line number="93" hits="1" branch="False" />
              </lines>
            </method>
            <method name="Conflict" signature="(System.String,System.String)" line-rate="1" branch-rate="1" complexity="1">
              <lines>
                <line number="97" hits="1" branch="False" />
              </lines>
            </method>
            <method name="Conflict" signature="(System.String,System.String,EricksonLopez.SharedKernel.Results.Error[])" line-rate="1" branch-rate="1" complexity="1">
              <lines>
                <line number="101" hits="1" branch="False" />
              </lines>
            </method>
            <method name="Unauthorized" signature="(System.String,System.String)" line-rate="1" branch-rate="1" complexity="1">
              <lines>
                <line number="105" hits="1" branch="False" />
              </lines>
            </method>
            <method name="Unauthorized" signature="(System.String,System.String,EricksonLopez.SharedKernel.Results.Error[])" line-rate="1" branch-rate="1" complexity="1">
              <lines>
                <line number="109" hits="1" branch="False" />
              </lines>
            </method>
            <method name="Forbidden" signature="(System.String,System.String)" line-rate="1" branch-rate="1" complexity="1">
              <lines>
                <line number="113" hits="1" branch="False" />
              </lines>
            </method>
            <method name="Forbidden" signature="(System.String,System.String,EricksonLopez.SharedKernel.Results.Error[])" line-rate="1" branch-rate="1" complexity="1">
              <lines>
                <line number="117" hits="1" branch="False" />
              </lines>
            </method>
            <method name="Unavailable" signature="(System.String,System.String)" line-rate="1" branch-rate="1" complexity="1">
              <lines>
                <line number="121" hits="5" branch="False" />
              </lines>
            </method>
            <method name="Unavailable" signature="(System.String,System.String,EricksonLopez.SharedKernel.Results.Error[])" line-rate="1" branch-rate="1" complexity="1">
              <lines>
                <line number="125" hits="1" branch="False" />
              </lines>
            </method>
            <method name="Unexpected" signature="(System.String,System.String)" line-rate="1" branch-rate="1" complexity="1">
              <lines>
                <line number="129" hits="6" branch="False" />
              </lines>
            </method>
            <method name="Unexpected" signature="(System.String,System.String,EricksonLopez.SharedKernel.Results.Error[])" line-rate="1" branch-rate="1" complexity="1">
              <lines>
                <line number="133" hits="1" branch="False" />
              </lines>
            </method>
            <method name="ToString" signature="()" line-rate="1" branch-rate="1" complexity="2">
              <lines>
                <line number="136" hits="4" branch="False" />
                <line number="137" hits="4" branch="False" />
                <line number="138" hits="4" branch="True" condition-coverage="100% (2/2)">
                  <conditions>
                    <condition number="107" type="jump" coverage="100%" />
                  </conditions>
                </line>
                <line number="139" hits="1" branch="False" />
                <line number="140" hits="4" branch="False" />
                <line number="141" hits="4" branch="False" />
              </lines>
            </method>
            <method name=".ctor" signature="(System.String,System.String,EricksonLopez.SharedKernel.Results.ErrorType,System.Collections.Generic.IReadOnlyList`1&lt;EricksonLopez.SharedKernel.Results.Error&gt;)" line-rate="1" branch-rate="1" complexity="4">
              <lines>
                <line number="37" hits="128" branch="False" />
                <line number="38" hits="128" branch="False" />
                <line number="39" hits="128" branch="False" />
                <line number="40" hits="128" branch="False" />
                <line number="41" hits="128" branch="False" />
                <line number="42" hits="128" branch="True" condition-coverage="100% (4/4)">
                  <conditions>
                    <condition number="32" type="jump" coverage="100%" />
                    <condition number="42" type="jump" coverage="100%" />
                  </conditions>
                </line>
                <line number="43" hits="128" branch="False" />
              </lines>
            </method>
            <method name=".cctor" signature="()" line-rate="1" branch-rate="1" complexity="1">
              <lines>
                <line number="33" hits="1" branch="False" />
              </lines>
            </method>
          </methods>
          <lines>
            <line number="46" hits="23" branch="False" />
            <line number="49" hits="8" branch="False" />
            <line number="52" hits="27" branch="False" />
            <line number="62" hits="18" branch="True" condition-coverage="100% (2/2)">
              <conditions>
                <condition number="7" type="jump" coverage="100%" />
              </conditions>
            </line>
            <line number="67" hits="18" branch="True" condition-coverage="100% (2/2)">
              <conditions>
                <condition number="8" type="jump" coverage="100%" />
              </conditions>
            </line>
            <line number="73" hits="23" branch="False" />
            <line number="77" hits="6" branch="False" />
            <line number="81" hits="56" branch="False" />
            <line number="85" hits="4" branch="False" />
            <line number="89" hits="18" branch="False" />
            <line number="93" hits="1" branch="False" />
            <line number="97" hits="1" branch="False" />
            <line number="101" hits="1" branch="False" />
            <line number="105" hits="1" branch="False" />
            <line number="109" hits="1" branch="False" />
            <line number="113" hits="1" branch="False" />
            <line number="117" hits="1" branch="False" />
            <line number="121" hits="5" branch="False" />
            <line number="125" hits="1" branch="False" />
            <line number="129" hits="6" branch="False" />
            <line number="133" hits="1" branch="False" />
            <line number="136" hits="4" branch="False" />
            <line number="137" hits="4" branch="False" />
            <line number="138" hits="4" branch="True" condition-coverage="100% (2/2)">
              <conditions>
                <condition number="107" type="jump" coverage="100%" />
              </conditions>
            </line>
            <line number="139" hits="1" branch="False" />
            <line number="140" hits="4" branch="False" />
            <line number="141" hits="4" branch="False" />
            <line number="37" hits="128" branch="False" />
            <line number="38" hits="128" branch="False" />
            <line number="39" hits="128" branch="False" />
            <line number="40" hits="128" branch="False" />
            <line number="41" hits="128" branch="False" />
            <line number="42" hits="128" branch="True" condition-coverage="100% (4/4)">
              <conditions>
                <condition number="32" type="jump" coverage="100%" />
                <condition number="42" type="jump" coverage="100%" />
              </conditions>
            </line>
            <line number="43" hits="128" branch="False" />
            <line number="33" hits="1" branch="False" />
          </lines>
        </class>
        <class name="EricksonLopez.SharedKernel.Results.Result" filename="Results/Result.cs" line-rate="1" branch-rate="1" complexity="78">
          <methods>
            <method name="get_IsSuccess" signature="()" line-rate="1" branch-rate="1" complexity="1">
              <lines>
                <line number="44" hits="361" branch="False" />
              </lines>
            </method>
            <method name="get_IsFailure" signature="()" line-rate="1" branch-rate="1" complexity="1">
              <lines>
                <line number="45" hits="153" branch="False" />
              </lines>
            </method>
            <method name="get_Error" signature="()" line-rate="1" branch-rate="1" complexity="1">
              <lines>
                <line number="46" hits="109" branch="False" />
              </lines>
            </method>
            <method name="Success" signature="()" line-rate="1" branch-rate="1" complexity="1">
              <lines>
                <line number="52" hits="25" branch="False" />
              </lines>
            </method>
            <method name="Failure" signature="(EricksonLopez.SharedKernel.Results.Error)" line-rate="1" branch-rate="1" complexity="1">
              <lines>
                <line number="53" hits="26" branch="False" />
              </lines>
            </method>
            <method name="Success" signature="(TValue)" line-rate="1" branch-rate="1" complexity="1">
              <lines>
                <line number="55" hits="86" branch="False" />
              </lines>
            </method>
            <method name="Failure" signature="(EricksonLopez.SharedKernel.Results.Error)" line-rate="1" branch-rate="1" complexity="1">
              <lines>
                <line number="56" hits="79" branch="False" />
              </lines>
            </method>
            <method name="Match" signature="(System.Func`1&lt;TOut&gt;,System.Func`2&lt;EricksonLopez.SharedKernel.Results.Error,TOut&gt;)" line-rate="1" branch-rate="1" complexity="2">
              <lines>
                <line number="71" hits="6" branch="True" condition-coverage="100% (2/2)">
                  <conditions>
                    <condition number="6" type="jump" coverage="100%" />
                  </conditions>
                </line>
              </lines>
            </method>
            <method name="Tap" signature="(System.Action)" line-rate="1" branch-rate="1" complexity="2">
              <lines>
                <line number="80" hits="6" branch="False" />
                <line number="81" hits="9" branch="True" condition-coverage="100% (2/2)">
                  <conditions>
                    <condition number="9" type="jump" coverage="100%" />
                  </conditions>
                </line>
                <line number="82" hits="6" branch="False" />
                <line number="83" hits="6" branch="False" />
              </lines>
            </method>
            <method name="TapError" signature="(System.Action`1&lt;EricksonLopez.SharedKernel.Results.Error&gt;)" line-rate="1" branch-rate="1" complexity="2">
              <lines>
                <line number="90" hits="6" branch="False" />
                <line number="91" hits="9" branch="True" condition-coverage="100% (2/2)">
                  <conditions>
                    <condition number="9" type="jump" coverage="100%" />
                  </conditions>
                </line>
                <line number="92" hits="6" branch="False" />
                <line number="93" hits="6" branch="False" />
              </lines>
            </method>
            <method name="Ensure" signature="(System.Func`1&lt;System.Boolean&gt;,EricksonLopez.SharedKernel.Results.Error)" line-rate="1" branch-rate="1" complexity="4">
              <lines>
                <line number="102" hits="9" branch="False" />
                <line number="103" hits="12" branch="True" condition-coverage="100% (2/2)">
                  <conditions>
                    <condition number="9" type="jump" coverage="100%" />
                  </conditions>
                </line>
                <line number="104" hits="6" branch="True" condition-coverage="100% (2/2)">
                  <conditions>
                    <condition number="21" type="jump" coverage="100%" />
                  </conditions>
                </line>
                <line number="105" hits="9" branch="False" />
              </lines>
            </method>
            <method name="Finally" signature="(System.Action`1&lt;EricksonLopez.SharedKernel.Results.Result&gt;)" line-rate="1" branch-rate="1" complexity="1">
              <lines>
                <line number="114" hits="6" branch="False" />
                <line number="115" hits="6" branch="False" />
                <line number="116" hits="6" branch="False" />
                <line number="117" hits="6" branch="False" />
              </lines>
            </method>
            <method name="Try" signature="(System.Action,System.Func`2&lt;System.Exception,EricksonLopez.SharedKernel.Results.Error&gt;)" line-rate="1" branch-rate="1" complexity="1">
              <lines>
                <line number="132" hits="2" branch="False" />
                <line number="134" hits="2" branch="False" />
                <line number="135" hits="2" branch="False" />
                <line number="136" hits="1" branch="False" />
                <line number="138" hits="1" branch="False" />
                <line number="139" hits="1" branch="False" />
                <line number="140" hits="1" branch="False" />
                <line number="142" hits="2" branch="False" />
              </lines>
            </method>
            <method name="Try" signature="(System.Func`1&lt;T&gt;,System.Func`2&lt;System.Exception,EricksonLopez.SharedKernel.Results.Error&gt;)" line-rate="1" branch-rate="1" complexity="1">
              <lines>
                <line number="155" hits="2" branch="False" />
                <line number="157" hits="2" branch="False" />
                <line number="158" hits="2" branch="False" />
                <line number="160" hits="1" branch="False" />
                <line number="161" hits="1" branch="False" />
                <line number="162" hits="1" branch="False" />
                <line number="164" hits="2" branch="False" />
              </lines>
            </method>
            <method name="Combine" signature="(EricksonLopez.SharedKernel.Results.Result[])" line-rate="1" branch-rate="1" complexity="10">
              <lines>
                <line number="173" hits="4" branch="False" />
                <line number="174" hits="4" branch="False" />
                <line number="176" hits="30" branch="True" condition-coverage="100% (2/2)">
                  <conditions>
                    <condition number="60" type="jump" coverage="100%" />
                  </conditions>
                </line>
                <line number="177" hits="9" branch="False" />
                <line number="178" hits="9" branch="True" condition-coverage="100% (2/2)">
                  <conditions>
                    <condition number="25" type="jump" coverage="100%" />
                  </conditions>
                </line>
                <line number="179" hits="3" branch="False" />
                <line number="180" hits="3" branch="True" condition-coverage="100% (2/2)">
                  <conditions>
                    <condition number="29" type="jump" coverage="100%" />
                  </conditions>
                </line>
                <line number="181" hits="3" branch="False" />
                <line number="182" hits="3" branch="False" />
                <line number="183" hits="9" branch="False" />
                <line number="185" hits="4" branch="True" condition-coverage="100% (2/2)">
                  <conditions>
                    <condition number="70" type="jump" coverage="100%" />
                  </conditions>
                </line>
                <line number="186" hits="2" branch="False" />
                <line number="188" hits="2" branch="True" condition-coverage="100% (2/2)">
                  <conditions>
                    <condition number="88" type="jump" coverage="100%" />
                  </conditions>
                </line>
                <line number="189" hits="2" branch="False" />
                <line number="190" hits="2" branch="False" />
                <line number="191" hits="2" branch="False" />
                <line number="192" hits="2" branch="False" />
                <line number="193" hits="2" branch="False" />
                <line number="194" hits="4" branch="False" />
              </lines>
            </method>
            <method name="Combine" signature="(EricksonLopez.SharedKernel.Results.Result`1&lt;T&gt;[])" line-rate="1" branch-rate="1" complexity="10">
              <lines>
                <line number="201" hits="4" branch="False" />
                <line number="202" hits="4" branch="False" />
                <line number="203" hits="4" branch="False" />
                <line number="205" hits="30" branch="True" condition-coverage="100% (2/2)">
                  <conditions>
                    <condition number="90" type="jump" coverage="100%" />
                  </conditions>
                </line>
                <line number="206" hits="9" branch="False" />
                <line number="207" hits="9" branch="True" condition-coverage="100% (2/2)">
                  <conditions>
                    <condition number="36" type="jump" coverage="100%" />
                  </conditions>
                </line>
                <line number="208" hits="3" branch="False" />
                <line number="209" hits="3" branch="True" condition-coverage="100% (2/2)">
                  <conditions>
                    <condition number="40" type="jump" coverage="100%" />
                  </conditions>
                </line>
                <line number="210" hits="3" branch="False" />
                <line number="211" hits="3" branch="False" />
                <line number="213" hits="6" branch="False" />
                <line number="214" hits="6" branch="False" />
                <line number="215" hits="6" branch="False" />
                <line number="216" hits="9" branch="False" />
                <line number="218" hits="4" branch="True" condition-coverage="100% (2/2)">
                  <conditions>
                    <condition number="100" type="jump" coverage="100%" />
                  </conditions>
                </line>
                <line number="219" hits="2" branch="False" />
                <line number="221" hits="2" branch="True" condition-coverage="100% (2/2)">
                  <conditions>
                    <condition number="124" type="jump" coverage="100%" />
                  </conditions>
                </line>
                <line number="222" hits="2" branch="False" />
                <line number="223" hits="2" branch="False" />
                <line number="224" hits="2" branch="False" />
                <line number="225" hits="2" branch="False" />
                <line number="226" hits="2" branch="False" />
                <line number="227" hits="4" branch="False" />
              </lines>
            </method>
            <method name="Combine" signature="(EricksonLopez.SharedKernel.Results.Result`1&lt;T1&gt;,EricksonLopez.SharedKernel.Results.Result`1&lt;T2&gt;)" line-rate="1" branch-rate="1" complexity="10">
              <lines>
                <line number="233" hits="5" branch="False" />
                <line number="234" hits="5" branch="True" condition-coverage="100% (4/4)">
                  <conditions>
                    <condition number="7" type="jump" coverage="100%" />
                    <condition number="20" type="jump" coverage="100%" />
                  </conditions>
                </line>
                <line number="235" hits="1" branch="False" />
                <line number="237" hits="4" branch="False" />
                <line number="238" hits="6" branch="True" condition-coverage="100% (2/2)">
                  <conditions>
                    <condition number="64" type="jump" coverage="100%" />
                  </conditions>
                </line>
                <line number="239" hits="7" branch="True" condition-coverage="100% (2/2)">
                  <conditions>
                    <condition number="89" type="jump" coverage="100%" />
                  </conditions>
                </line>
                <line number="241" hits="4" branch="True" condition-coverage="100% (2/2)">
                  <conditions>
                    <condition number="111" type="jump" coverage="100%" />
                  </conditions>
                </line>
                <line number="242" hits="4" branch="False" />
                <line number="243" hits="4" branch="False" />
                <line number="244" hits="4" branch="False" />
                <line number="245" hits="4" branch="False" />
                <line number="246" hits="4" branch="False" />
                <line number="247" hits="5" branch="False" />
              </lines>
            </method>
            <method name="Combine" signature="(EricksonLopez.SharedKernel.Results.Result`1&lt;T1&gt;,EricksonLopez.SharedKernel.Results.Result`1&lt;T2&gt;,EricksonLopez.SharedKernel.Results.Result`1&lt;T3&gt;)" line-rate="1" branch-rate="1" complexity="14">
              <lines>
                <line number="254" hits="5" branch="False" />
                <line number="255" hits="5" branch="True" condition-coverage="100% (6/6)">
                  <conditions>
                    <condition number="7" type="jump" coverage="100%" />
                    <condition number="15" type="jump" coverage="100%" />
                    <condition number="28" type="jump" coverage="100%" />
                  </conditions>
                </line>
                <line number="256" hits="1" branch="False" />
                <line number="258" hits="4" branch="False" />
                <line number="259" hits="6" branch="True" condition-coverage="100% (2/2)">
                  <conditions>
                    <condition number="78" type="jump" coverage="100%" />
                  </conditions>
                </line>
                <line number="260" hits="6" branch="True" condition-coverage="100% (2/2)">
                  <conditions>
                    <condition number="103" type="jump" coverage="100%" />
                  </conditions>
                </line>
                <line number="261" hits="6" branch="True" condition-coverage="100% (2/2)">
                  <conditions>
                    <condition number="128" type="jump" coverage="100%" />
                  </conditions>
                </line>
                <line number="263" hits="4" branch="True" condition-coverage="100% (2/2)">
                  <conditions>
                    <condition number="150" type="jump" coverage="100%" />
                  </conditions>
                </line>
                <line number="264" hits="4" branch="False" />
                <line number="265" hits="4" branch="False" />
                <line number="266" hits="4" branch="False" />
                <line number="267" hits="4" branch="False" />
                <line number="268" hits="4" branch="False" />
                <line number="269" hits="5" branch="False" />
              </lines>
            </method>
            <method name="TryGetError" signature="(EricksonLopez.SharedKernel.Results.Error&amp;)" line-rate="1" branch-rate="1" complexity="2">
              <lines>
                <line number="283" hits="2" branch="False" />
                <line number="284" hits="2" branch="True" condition-coverage="100% (2/2)">
                  <conditions>
                    <condition number="8" type="jump" coverage="100%" />
                  </conditions>
                </line>
                <line number="285" hits="2" branch="False" />
                <line number="286" hits="2" branch="False" />
              </lines>
            </method>
            <method name="MapError" signature="(System.Func`2&lt;EricksonLopez.SharedKernel.Results.Error,EricksonLopez.SharedKernel.Results.Error&gt;)" line-rate="1" branch-rate="1" complexity="2">
              <lines>
                <line number="301" hits="6" branch="True" condition-coverage="100% (2/2)">
                  <conditions>
                    <condition number="6" type="jump" coverage="100%" />
                  </conditions>
                </line>
              </lines>
            </method>
            <method name="op_Implicit" signature="(EricksonLopez.SharedKernel.Results.Error)" line-rate="1" branch-rate="1" complexity="1">
              <lines>
                <line number="305" hits="1" branch="False" />
              </lines>
            </method>
            <method name=".ctor" signature="(System.Boolean,EricksonLopez.SharedKernel.Results.Error)" line-rate="1" branch-rate="1" complexity="8">
              <lines>
                <line number="32" hits="196" branch="False" />
                <line number="33" hits="196" branch="False" />
                <line number="34" hits="196" branch="True" condition-coverage="100% (4/4)">
                  <conditions>
                    <condition number="9" type="jump" coverage="100%" />
                    <condition number="27" type="jump" coverage="100%" />
                  </conditions>
                </line>
                <line number="35" hits="1" branch="False" />
                <line number="37" hits="195" branch="True" condition-coverage="100% (4/4)">
                  <conditions>
                    <condition number="41" type="jump" coverage="100%" />
                    <condition number="59" type="jump" coverage="100%" />
                  </conditions>
                </line>
                <line number="38" hits="1" branch="False" />
                <line number="40" hits="194" branch="False" />
                <line number="41" hits="194" branch="False" />
                <line number="42" hits="194" branch="False" />
              </lines>
            </method>
            <method name=".cctor" signature="()" line-rate="1" branch-rate="1" complexity="1">
              <lines>
                <line number="50" hits="1" branch="False" />
              </lines>
            </method>
          </methods>
          <lines>
            <line number="44" hits="361" branch="False" />
            <line number="45" hits="153" branch="False" />
            <line number="46" hits="109" branch="False" />
            <line number="52" hits="25" branch="False" />
            <line number="53" hits="26" branch="False" />
            <line number="55" hits="86" branch="False" />
            <line number="56" hits="79" branch="False" />
            <line number="71" hits="6" branch="True" condition-coverage="100% (2/2)">
              <conditions>
                <condition number="6" type="jump" coverage="100%" />
              </conditions>
            </line>
            <line number="80" hits="6" branch="False" />
            <line number="81" hits="9" branch="True" condition-coverage="100% (2/2)">
              <conditions>
                <condition number="9" type="jump" coverage="100%" />
              </conditions>
            </line>
            <line number="82" hits="6" branch="False" />
            <line number="83" hits="6" branch="False" />
            <line number="90" hits="6" branch="False" />
            <line number="91" hits="9" branch="True" condition-coverage="100% (2/2)">
              <conditions>
                <condition number="9" type="jump" coverage="100%" />
              </conditions>
            </line>
            <line number="92" hits="6" branch="False" />
            <line number="93" hits="6" branch="False" />
            <line number="102" hits="9" branch="False" />
            <line number="103" hits="12" branch="True" condition-coverage="100% (2/2)">
              <conditions>
                <condition number="9" type="jump" coverage="100%" />
              </conditions>
            </line>
            <line number="104" hits="6" branch="True" condition-coverage="100% (2/2)">
              <conditions>
                <condition number="21" type="jump" coverage="100%" />
              </conditions>
            </line>
            <line number="105" hits="9" branch="False" />
            <line number="114" hits="6" branch="False" />
            <line number="115" hits="6" branch="False" />
            <line number="116" hits="6" branch="False" />
            <line number="117" hits="6" branch="False" />
            <line number="132" hits="2" branch="False" />
            <line number="134" hits="2" branch="False" />
            <line number="135" hits="2" branch="False" />
            <line number="136" hits="1" branch="False" />
            <line number="138" hits="1" branch="False" />
            <line number="139" hits="1" branch="False" />
            <line number="140" hits="1" branch="False" />
            <line number="142" hits="2" branch="False" />
            <line number="155" hits="2" branch="False" />
            <line number="157" hits="2" branch="False" />
            <line number="158" hits="2" branch="False" />
            <line number="160" hits="1" branch="False" />
            <line number="161" hits="1" branch="False" />
            <line number="162" hits="1" branch="False" />
            <line number="164" hits="2" branch="False" />
            <line number="173" hits="4" branch="False" />
            <line number="174" hits="4" branch="False" />
            <line number="176" hits="30" branch="True" condition-coverage="100% (2/2)">
              <conditions>
                <condition number="60" type="jump" coverage="100%" />
              </conditions>
            </line>
            <line number="177" hits="9" branch="False" />
            <line number="178" hits="9" branch="True" condition-coverage="100% (2/2)">
              <conditions>
                <condition number="25" type="jump" coverage="100%" />
              </conditions>
            </line>
            <line number="179" hits="3" branch="False" />
            <line number="180" hits="3" branch="True" condition-coverage="100% (2/2)">
              <conditions>
                <condition number="29" type="jump" coverage="100%" />
              </conditions>
            </line>
            <line number="181" hits="3" branch="False" />
            <line number="182" hits="3" branch="False" />
            <line number="183" hits="9" branch="False" />
            <line number="185" hits="4" branch="True" condition-coverage="100% (2/2)">
              <conditions>
                <condition number="70" type="jump" coverage="100%" />
              </conditions>
            </line>
            <line number="186" hits="2" branch="False" />
            <line number="188" hits="2" branch="True" condition-coverage="100% (2/2)">
              <conditions>
                <condition number="88" type="jump" coverage="100%" />
              </conditions>
            </line>
            <line number="189" hits="2" branch="False" />
            <line number="190" hits="2" branch="False" />
            <line number="191" hits="2" branch="False" />
            <line number="192" hits="2" branch="False" />
            <line number="193" hits="2" branch="False" />
            <line number="194" hits="4" branch="False" />
            <line number="201" hits="4" branch="False" />
            <line number="202" hits="4" branch="False" />
            <line number="203" hits="4" branch="False" />
            <line number="205" hits="30" branch="True" condition-coverage="100% (2/2)">
              <conditions>
                <condition number="90" type="jump" coverage="100%" />
              </conditions>
            </line>
            <line number="206" hits="9" branch="False" />
            <line number="207" hits="9" branch="True" condition-coverage="100% (2/2)">
              <conditions>
                <condition number="36" type="jump" coverage="100%" />
              </conditions>
            </line>
            <line number="208" hits="3" branch="False" />
            <line number="209" hits="3" branch="True" condition-coverage="100% (2/2)">
              <conditions>
                <condition number="40" type="jump" coverage="100%" />
              </conditions>
            </line>
            <line number="210" hits="3" branch="False" />
            <line number="211" hits="3" branch="False" />
            <line number="213" hits="6" branch="False" />
            <line number="214" hits="6" branch="False" />
            <line number="215" hits="6" branch="False" />
            <line number="216" hits="9" branch="False" />
            <line number="218" hits="4" branch="True" condition-coverage="100% (2/2)">
              <conditions>
                <condition number="100" type="jump" coverage="100%" />
              </conditions>
            </line>
            <line number="219" hits="2" branch="False" />
            <line number="221" hits="2" branch="True" condition-coverage="100% (2/2)">
              <conditions>
                <condition number="124" type="jump" coverage="100%" />
              </conditions>
            </line>
            <line number="222" hits="2" branch="False" />
            <line number="223" hits="2" branch="False" />
            <line number="224" hits="2" branch="False" />
            <line number="225" hits="2" branch="False" />
            <line number="226" hits="2" branch="False" />
            <line number="227" hits="4" branch="False" />
            <line number="233" hits="5" branch="False" />
            <line number="234" hits="5" branch="True" condition-coverage="100% (4/4)">
              <conditions>
                <condition number="7" type="jump" coverage="100%" />
                <condition number="20" type="jump" coverage="100%" />
              </conditions>
            </line>
            <line number="235" hits="1" branch="False" />
            <line number="237" hits="4" branch="False" />
            <line number="238" hits="6" branch="True" condition-coverage="100% (2/2)">
              <conditions>
                <condition number="64" type="jump" coverage="100%" />
              </conditions>
            </line>
            <line number="239" hits="7" branch="True" condition-coverage="100% (2/2)">
              <conditions>
                <condition number="89" type="jump" coverage="100%" />
              </conditions>
            </line>
            <line number="241" hits="4" branch="True" condition-coverage="100% (2/2)">
              <conditions>
                <condition number="111" type="jump" coverage="100%" />
              </conditions>
            </line>
            <line number="242" hits="4" branch="False" />
            <line number="243" hits="4" branch="False" />
            <line number="244" hits="4" branch="False" />
            <line number="245" hits="4" branch="False" />
            <line number="246" hits="4" branch="False" />
            <line number="247" hits="5" branch="False" />
            <line number="254" hits="5" branch="False" />
            <line number="255" hits="5" branch="True" condition-coverage="100% (6/6)">
              <conditions>
                <condition number="7" type="jump" coverage="100%" />
                <condition number="15" type="jump" coverage="100%" />
                <condition number="28" type="jump" coverage="100%" />
              </conditions>
            </line>
            <line number="256" hits="1" branch="False" />
            <line number="258" hits="4" branch="False" />
            <line number="259" hits="6" branch="True" condition-coverage="100% (2/2)">
              <conditions>
                <condition number="78" type="jump" coverage="100%" />
              </conditions>
            </line>
            <line number="260" hits="6" branch="True" condition-coverage="100% (2/2)">
              <conditions>
                <condition number="103" type="jump" coverage="100%" />
              </conditions>
            </line>
            <line number="261" hits="6" branch="True" condition-coverage="100% (2/2)">
              <conditions>
                <condition number="128" type="jump" coverage="100%" />
              </conditions>
            </line>
            <line number="263" hits="4" branch="True" condition-coverage="100% (2/2)">
              <conditions>
                <condition number="150" type="jump" coverage="100%" />
              </conditions>
            </line>
            <line number="264" hits="4" branch="False" />
            <line number="265" hits="4" branch="False" />
            <line number="266" hits="4" branch="False" />
            <line number="267" hits="4" branch="False" />
            <line number="268" hits="4" branch="False" />
            <line number="269" hits="5" branch="False" />
            <line number="283" hits="2" branch="False" />
            <line number="284" hits="2" branch="True" condition-coverage="100% (2/2)">
              <conditions>
                <condition number="8" type="jump" coverage="100%" />
              </conditions>
            </line>
            <line number="285" hits="2" branch="False" />
            <line number="286" hits="2" branch="False" />
            <line number="301" hits="6" branch="True" condition-coverage="100% (2/2)">
              <conditions>
                <condition number="6" type="jump" coverage="100%" />
              </conditions>
            </line>
            <line number="305" hits="1" branch="False" />
            <line number="32" hits="196" branch="False" />
            <line number="33" hits="196" branch="False" />
            <line number="34" hits="196" branch="True" condition-coverage="100% (4/4)">
              <conditions>
                <condition number="9" type="jump" coverage="100%" />
                <condition number="27" type="jump" coverage="100%" />
              </conditions>
            </line>
            <line number="35" hits="1" branch="False" />
            <line number="37" hits="195" branch="True" condition-coverage="100% (4/4)">
              <conditions>
                <condition number="41" type="jump" coverage="100%" />
                <condition number="59" type="jump" coverage="100%" />
              </conditions>
            </line>
            <line number="38" hits="1" branch="False" />
            <line number="40" hits="194" branch="False" />
            <line number="41" hits="194" branch="False" />
            <line number="42" hits="194" branch="False" />
            <line number="50" hits="1" branch="False" />
          </lines>
        </class>
        <class name="EricksonLopez.SharedKernel.Results.Result`1" filename="Results/Result.cs" line-rate="1" branch-rate="1" complexity="39">
          <methods>
            <method name="get_Value" signature="()" line-rate="1" branch-rate="1" complexity="2">
              <lines>
                <line number="343" hits="80" branch="True" condition-coverage="100% (2/2)">
                  <conditions>
                    <condition number="6" type="jump" coverage="100%" />
                  </conditions>
                </line>
                <line number="344" hits="80" branch="False" />
                <line number="345" hits="80" branch="False" />
                <line number="346" hits="80" branch="False" />
              </lines>
            </method>
            <method name="Success" signature="(TValue)" line-rate="1" branch-rate="1" complexity="1">
              <lines>
                <line number="350" hits="87" branch="False" />
              </lines>
            </method>
            <method name="Failure" signature="(EricksonLopez.SharedKernel.Results.Error)" line-rate="1" branch-rate="1" complexity="1">
              <lines>
                <line number="351" hits="80" branch="False" />
              </lines>
            </method>
            <method name="Map" signature="(System.Func`2&lt;TValue,TNext&gt;)" line-rate="1" branch-rate="1" complexity="2">
              <lines>
                <line number="360" hits="10" branch="True" condition-coverage="100% (2/2)">
                  <conditions>
                    <condition number="6" type="jump" coverage="100%" />
                  </conditions>
                </line>
              </lines>
            </method>
            <method name="Bind" signature="(System.Func`2&lt;TValue,EricksonLopez.SharedKernel.Results.Result`1&lt;TNext&gt;&gt;)" line-rate="1" branch-rate="1" complexity="2">
              <lines>
                <line number="367" hits="6" branch="True" condition-coverage="100% (2/2)">
                  <conditions>
                    <condition number="6" type="jump" coverage="100%" />
                  </conditions>
                </line>
              </lines>
            </method>
            <method name="Match" signature="(System.Func`2&lt;TValue,TOut&gt;,System.Func`2&lt;EricksonLopez.SharedKernel.Results.Error,TOut&gt;)" line-rate="1" branch-rate="1" complexity="2">
              <lines>
                <line number="382" hits="7" branch="True" condition-coverage="100% (2/2)">
                  <conditions>
                    <condition number="6" type="jump" coverage="100%" />
                  </conditions>
                </line>
              </lines>
            </method>
            <method name="Tap" signature="(System.Action`1&lt;TValue&gt;)" line-rate="1" branch-rate="1" complexity="2">
              <lines>
                <line number="391" hits="8" branch="False" />
                <line number="392" hits="13" branch="True" condition-coverage="100% (2/2)">
                  <conditions>
                    <condition number="9" type="jump" coverage="100%" />
                  </conditions>
                </line>
                <line number="393" hits="8" branch="False" />
                <line number="394" hits="8" branch="False" />
              </lines>
            </method>
            <method name="TapError" signature="(System.Action`1&lt;EricksonLopez.SharedKernel.Results.Error&gt;)" line-rate="1" branch-rate="1" complexity="2">
              <lines>
                <line number="401" hits="6" branch="False" />
                <line number="402" hits="10" branch="True" condition-coverage="100% (2/2)">
                  <conditions>
                    <condition number="9" type="jump" coverage="100%" />
                  </conditions>
                </line>
                <line number="403" hits="6" branch="False" />
                <line number="404" hits="6" branch="False" />
              </lines>
            </method>
            <method name="Ensure" signature="(System.Func`2&lt;TValue,System.Boolean&gt;,EricksonLopez.SharedKernel.Results.Error)" line-rate="1" branch-rate="1" complexity="4">
              <lines>
                <line number="419" hits="11" branch="False" />
                <line number="420" hits="12" branch="True" condition-coverage="100% (2/2)">
                  <conditions>
                    <condition number="9" type="jump" coverage="100%" />
                  </conditions>
                </line>
                <line number="421" hits="10" branch="True" condition-coverage="100% (2/2)">
                  <conditions>
                    <condition number="27" type="jump" coverage="100%" />
                  </conditions>
                </line>
                <line number="422" hits="11" branch="False" />
              </lines>
            </method>
            <method name="Recover" signature="(System.Func`2&lt;EricksonLopez.SharedKernel.Results.Error,EricksonLopez.SharedKernel.Results.Result`1&lt;TValue&gt;&gt;)" line-rate="1" branch-rate="1" complexity="2">
              <lines>
                <line number="437" hits="8" branch="True" condition-coverage="100% (2/2)">
                  <conditions>
                    <condition number="6" type="jump" coverage="100%" />
                  </conditions>
                </line>
              </lines>
            </method>
            <method name="Finally" signature="(System.Action`1&lt;EricksonLopez.SharedKernel.Results.Result`1&lt;TValue&gt;&gt;)" line-rate="1" branch-rate="1" complexity="1">
              <lines>
                <line number="446" hits="5" branch="False" />
                <line number="447" hits="5" branch="False" />
                <line number="448" hits="5" branch="False" />
                <line number="449" hits="5" branch="False" />
              </lines>
            </method>
            <method name="TryGetValue" signature="(TValue&amp;)" line-rate="1" branch-rate="1" complexity="2">
              <lines>
                <line number="463" hits="3" branch="False" />
                <line number="464" hits="3" branch="True" condition-coverage="100% (2/2)">
                  <conditions>
                    <condition number="8" type="jump" coverage="100%" />
                  </conditions>
                </line>
                <line number="465" hits="3" branch="False" />
                <line number="466" hits="3" branch="False" />
              </lines>
            </method>
            <method name="TryGetError" signature="(EricksonLopez.SharedKernel.Results.Error&amp;)" line-rate="1" branch-rate="1" complexity="2">
              <lines>
                <line number="472" hits="2" branch="False" />
                <line number="473" hits="2" branch="True" condition-coverage="100% (2/2)">
                  <conditions>
                    <condition number="8" type="jump" coverage="100%" />
                  </conditions>
                </line>
                <line number="474" hits="2" branch="False" />
                <line number="475" hits="2" branch="False" />
              </lines>
            </method>
            <method name="GetValueOrDefault" signature="(TValue)" line-rate="1" branch-rate="1" complexity="2">
              <lines>
                <line number="490" hits="2" branch="True" condition-coverage="100% (2/2)">
                  <conditions>
                    <condition number="6" type="jump" coverage="100%" />
                  </conditions>
                </line>
              </lines>
            </method>
            <method name="GetValueOrDefault" signature="(System.Func`2&lt;EricksonLopez.SharedKernel.Results.Error,TValue&gt;)" line-rate="1" branch-rate="1" complexity="2">
              <lines>
                <line number="502" hits="2" branch="True" condition-coverage="100% (2/2)">
                  <conditions>
                    <condition number="6" type="jump" coverage="100%" />
                  </conditions>
                </line>
              </lines>
            </method>
            <method name="MapError" signature="(System.Func`2&lt;EricksonLopez.SharedKernel.Results.Error,EricksonLopez.SharedKernel.Results.Error&gt;)" line-rate="1" branch-rate="1" complexity="2">
              <lines>
                <line number="517" hits="7" branch="True" condition-coverage="100% (2/2)">
                  <conditions>
                    <condition number="6" type="jump" coverage="100%" />
                  </conditions>
                </line>
              </lines>
            </method>
            <method name="ToResult" signature="()" line-rate="1" branch-rate="1" complexity="2">
              <lines>
                <line number="533" hits="2" branch="True" condition-coverage="100% (2/2)">
                  <conditions>
                    <condition number="6" type="jump" coverage="100%" />
                  </conditions>
                </line>
              </lines>
            </method>
            <method name="Deconstruct" signature="(System.Boolean&amp;,TValue&amp;,EricksonLopez.SharedKernel.Results.Error&amp;)" line-rate="1" branch-rate="1" complexity="2">
              <lines>
                <line number="547" hits="3" branch="False" />
                <line number="548" hits="3" branch="False" />
                <line number="549" hits="3" branch="True" condition-coverage="100% (2/2)">
                  <conditions>
                    <condition number="16" type="jump" coverage="100%" />
                  </conditions>
                </line>
                <line number="550" hits="3" branch="False" />
                <line number="551" hits="3" branch="False" />
              </lines>
            </method>
            <method name="op_Implicit" signature="(TValue)" line-rate="1" branch-rate="1" complexity="1">
              <lines>
                <line number="555" hits="1" branch="False" />
              </lines>
            </method>
            <method name="op_Implicit" signature="(EricksonLopez.SharedKernel.Results.Error)" line-rate="1" branch-rate="1" complexity="1">
              <lines>
                <line number="556" hits="1" branch="False" />
              </lines>
            </method>
            <method name=".ctor" signature="(TValue)" line-rate="1" branch-rate="1" complexity="1">
              <lines>
                <line number="333" hits="87" branch="False" />
                <line number="334" hits="87" branch="False" />
              </lines>
            </method>
            <method name=".ctor" signature="(EricksonLopez.SharedKernel.Results.Error)" line-rate="1" branch-rate="1" complexity="1">
              <lines>
                <line number="336" hits="80" branch="False" />
                <line number="337" hits="80" branch="False" />
              </lines>
            </method>
          </methods>
          <lines>
            <line number="343" hits="80" branch="True" condition-coverage="100% (2/2)">
              <conditions>
                <condition number="6" type="jump" coverage="100%" />
              </conditions>
            </line>
            <line number="344" hits="80" branch="False" />
            <line number="345" hits="80" branch="False" />
            <line number="346" hits="80" branch="False" />
            <line number="350" hits="87" branch="False" />
            <line number="351" hits="80" branch="False" />
            <line number="360" hits="10" branch="True" condition-coverage="100% (2/2)">
              <conditions>
                <condition number="6" type="jump" coverage="100%" />
              </conditions>
            </line>
            <line number="367" hits="6" branch="True" condition-coverage="100% (2/2)">
              <conditions>
                <condition number="6" type="jump" coverage="100%" />
              </conditions>
            </line>
            <line number="382" hits="7" branch="True" condition-coverage="100% (2/2)">
              <conditions>
                <condition number="6" type="jump" coverage="100%" />
              </conditions>
            </line>
            <line number="391" hits="8" branch="False" />
            <line number="392" hits="13" branch="True" condition-coverage="100% (2/2)">
              <conditions>
                <condition number="9" type="jump" coverage="100%" />
              </conditions>
            </line>
            <line number="393" hits="8" branch="False" />
            <line number="394" hits="8" branch="False" />
            <line number="401" hits="6" branch="False" />
            <line number="402" hits="10" branch="True" condition-coverage="100% (2/2)">
              <conditions>
                <condition number="9" type="jump" coverage="100%" />
              </conditions>
            </line>
            <line number="403" hits="6" branch="False" />
            <line number="404" hits="6" branch="False" />
            <line number="419" hits="11" branch="False" />
            <line number="420" hits="12" branch="True" condition-coverage="100% (2/2)">
              <conditions>
                <condition number="9" type="jump" coverage="100%" />
              </conditions>
            </line>
            <line number="421" hits="10" branch="True" condition-coverage="100% (2/2)">
              <conditions>
                <condition number="27" type="jump" coverage="100%" />
              </conditions>
            </line>
            <line number="422" hits="11" branch="False" />
            <line number="437" hits="8" branch="True" condition-coverage="100% (2/2)">
              <conditions>
                <condition number="6" type="jump" coverage="100%" />
              </conditions>
            </line>
            <line number="446" hits="5" branch="False" />
            <line number="447" hits="5" branch="False" />
            <line number="448" hits="5" branch="False" />
            <line number="449" hits="5" branch="False" />
            <line number="463" hits="3" branch="False" />
            <line number="464" hits="3" branch="True" condition-coverage="100% (2/2)">
              <conditions>
                <condition number="8" type="jump" coverage="100%" />
              </conditions>
            </line>
            <line number="465" hits="3" branch="False" />
            <line number="466" hits="3" branch="False" />
            <line number="472" hits="2" branch="False" />
            <line number="473" hits="2" branch="True" condition-coverage="100% (2/2)">
              <conditions>
                <condition number="8" type="jump" coverage="100%" />
              </conditions>
            </line>
            <line number="474" hits="2" branch="False" />
            <line number="475" hits="2" branch="False" />
            <line number="490" hits="2" branch="True" condition-coverage="100% (2/2)">
              <conditions>
                <condition number="6" type="jump" coverage="100%" />
              </conditions>
            </line>
            <line number="502" hits="2" branch="True" condition-coverage="100% (2/2)">
              <conditions>
                <condition number="6" type="jump" coverage="100%" />
              </conditions>
            </line>
            <line number="517" hits="7" branch="True" condition-coverage="100% (2/2)">
              <conditions>
                <condition number="6" type="jump" coverage="100%" />
              </conditions>
            </line>
            <line number="533" hits="2" branch="True" condition-coverage="100% (2/2)">
              <conditions>
                <condition number="6" type="jump" coverage="100%" />
              </conditions>
            </line>
            <line number="547" hits="3" branch="False" />
            <line number="548" hits="3" branch="False" />
            <line number="549" hits="3" branch="True" condition-coverage="100% (2/2)">
              <conditions>
                <condition number="16" type="jump" coverage="100%" />
              </conditions>
            </line>
            <line number="550" hits="3" branch="False" />
            <line number="551" hits="3" branch="False" />
            <line number="555" hits="1" branch="False" />
            <line number="556" hits="1" branch="False" />
            <line number="333" hits="87" branch="False" />
            <line number="334" hits="87" branch="False" />
            <line number="336" hits="80" branch="False" />
            <line number="337" hits="80" branch="False" />
          </lines>
        </class>
        <class name="EricksonLopez.SharedKernel.Results.ResultExtensions/&lt;Bind&gt;d__2`2" filename="Results/ResultExtensions.cs" line-rate="1" branch-rate="1" complexity="1">
          <methods>
            <method name="MoveNext" signature="()" line-rate="1" branch-rate="1" complexity="1">
              <lines>
                <line number="52" hits="1" branch="False" />
                <line number="53" hits="1" branch="False" />
                <line number="54" hits="1" branch="False" />
                <line number="55" hits="1" branch="False" />
              </lines>
            </method>
          </methods>
          <lines>
            <line number="52" hits="1" branch="False" />
            <line number="53" hits="1" branch="False" />
            <line number="54" hits="1" branch="False" />
            <line number="55" hits="1" branch="False" />
          </lines>
        </class>
        <class name="EricksonLopez.SharedKernel.Results.ResultExtensions/&lt;Bind&gt;d__22`2" filename="Results/ResultExtensions.cs" line-rate="1" branch-rate="1" complexity="1">
          <methods>
            <method name="MoveNext" signature="()" line-rate="1" branch-rate="1" complexity="1">
              <lines>
                <line number="244" hits="2" branch="False" />
                <line number="245" hits="2" branch="False" />
                <line number="246" hits="2" branch="False" />
                <line number="247" hits="2" branch="False" />
              </lines>
            </method>
          </methods>
          <lines>
            <line number="244" hits="2" branch="False" />
            <line number="245" hits="2" branch="False" />
            <line number="246" hits="2" branch="False" />
            <line number="247" hits="2" branch="False" />
          </lines>
        </class>
        <class name="EricksonLopez.SharedKernel.Results.ResultExtensions/&lt;Bind&gt;d__23`2" filename="Results/ResultExtensions.cs" line-rate="1" branch-rate="1" complexity="2">
          <methods>
            <method name="MoveNext" signature="()" line-rate="1" branch-rate="1" complexity="2">
              <lines>
                <line number="252" hits="2" branch="False" />
                <line number="253" hits="2" branch="False" />
                <line number="254" hits="3" branch="True" condition-coverage="100% (2/2)">
                  <conditions>
                    <condition number="171" type="jump" coverage="100%" />
                  </conditions>
                </line>
                <line number="255" hits="1" branch="False" />
                <line number="256" hits="2" branch="False" />
              </lines>
            </method>
          </methods>
          <lines>
            <line number="252" hits="2" branch="False" />
            <line number="253" hits="2" branch="False" />
            <line number="254" hits="3" branch="True" condition-coverage="100% (2/2)">
              <conditions>
                <condition number="171" type="jump" coverage="100%" />
              </conditions>
            </line>
            <line number="255" hits="1" branch="False" />
            <line number="256" hits="2" branch="False" />
          </lines>
        </class>
        <class name="EricksonLopez.SharedKernel.Results.ResultExtensions/&lt;Bind&gt;d__3`2" filename="Results/ResultExtensions.cs" line-rate="1" branch-rate="1" complexity="2">
          <methods>
            <method name="MoveNext" signature="()" line-rate="1" branch-rate="1" complexity="2">
              <lines>
                <line number="60" hits="3" branch="False" />
                <line number="61" hits="3" branch="False" />
                <line number="62" hits="4" branch="True" condition-coverage="100% (2/2)">
                  <conditions>
                    <condition number="171" type="jump" coverage="100%" />
                  </conditions>
                </line>
                <line number="63" hits="2" branch="False" />
                <line number="64" hits="3" branch="False" />
              </lines>
            </method>
          </methods>
          <lines>
            <line number="60" hits="3" branch="False" />
            <line number="61" hits="3" branch="False" />
            <line number="62" hits="4" branch="True" condition-coverage="100% (2/2)">
              <conditions>
                <condition number="171" type="jump" coverage="100%" />
              </conditions>
            </line>
            <line number="63" hits="2" branch="False" />
            <line number="64" hits="3" branch="False" />
          </lines>
        </class>
        <class name="EricksonLopez.SharedKernel.Results.ResultExtensions/&lt;Ensure&gt;d__17" filename="Results/ResultExtensions.cs" line-rate="1" branch-rate="1" complexity="1">
          <methods>
            <method name="MoveNext" signature="()" line-rate="1" branch-rate="1" complexity="1">
              <lines>
                <line number="198" hits="3" branch="False" />
                <line number="199" hits="3" branch="False" />
                <line number="200" hits="3" branch="False" />
                <line number="201" hits="3" branch="False" />
              </lines>
            </method>
          </methods>
          <lines>
            <line number="198" hits="3" branch="False" />
            <line number="199" hits="3" branch="False" />
            <line number="200" hits="3" branch="False" />
            <line number="201" hits="3" branch="False" />
          </lines>
        </class>
        <class name="EricksonLopez.SharedKernel.Results.ResultExtensions/&lt;Ensure&gt;d__28`1" filename="Results/ResultExtensions.cs" line-rate="1" branch-rate="1" complexity="1">
          <methods>
            <method name="MoveNext" signature="()" line-rate="1" branch-rate="1" complexity="1">
              <lines>
                <line number="295" hits="3" branch="False" />
                <line number="296" hits="3" branch="False" />
                <line number="297" hits="3" branch="False" />
                <line number="298" hits="3" branch="False" />
              </lines>
            </method>
          </methods>
          <lines>
            <line number="295" hits="3" branch="False" />
            <line number="296" hits="3" branch="False" />
            <line number="297" hits="3" branch="False" />
            <line number="298" hits="3" branch="False" />
          </lines>
        </class>
        <class name="EricksonLopez.SharedKernel.Results.ResultExtensions/&lt;Ensure&gt;d__29`1" filename="Results/ResultExtensions.cs" line-rate="1" branch-rate="1" complexity="4">
          <methods>
            <method name="MoveNext" signature="()" line-rate="1" branch-rate="1" complexity="4">
              <lines>
                <line number="303" hits="3" branch="False" />
                <line number="304" hits="3" branch="False" />
                <line number="305" hits="4" branch="True" condition-coverage="100% (2/2)">
                  <conditions>
                    <condition number="171" type="jump" coverage="100%" />
                  </conditions>
                </line>
                <line number="306" hits="2" branch="True" condition-coverage="100% (2/2)">
                  <conditions>
                    <condition number="326" type="jump" coverage="100%" />
                  </conditions>
                </line>
                <line number="307" hits="2" branch="False" />
                <line number="308" hits="2" branch="False" />
                <line number="309" hits="3" branch="False" />
              </lines>
            </method>
          </methods>
          <lines>
            <line number="303" hits="3" branch="False" />
            <line number="304" hits="3" branch="False" />
            <line number="305" hits="4" branch="True" condition-coverage="100% (2/2)">
              <conditions>
                <condition number="171" type="jump" coverage="100%" />
              </conditions>
            </line>
            <line number="306" hits="2" branch="True" condition-coverage="100% (2/2)">
              <conditions>
                <condition number="326" type="jump" coverage="100%" />
[...]
              <lines>
                <line number="101" hits="1" branch="False" />
                <line number="102" hits="1" branch="False" />
                <line number="103" hits="1" branch="False" />
                <line number="104" hits="1" branch="False" />
              </lines>
            </method>
          </methods>
          <lines>
            <line number="101" hits="1" branch="False" />
            <line number="102" hits="1" branch="False" />
            <line number="103" hits="1" branch="False" />
            <line number="104" hits="1" branch="False" />
          </lines>
        </class>
        <class name="EricksonLopez.SharedKernel.Pagination.PagedList`1" filename="Pagination/PagedList.cs" line-rate="1" branch-rate="1" complexity="15">
          <methods>
            <method name="get_Items" signature="()" line-rate="1" branch-rate="1" complexity="1">
              <lines>
                <line number="33" hits="3" branch="False" />
              </lines>
            </method>
            <method name="get_TotalCount" signature="()" line-rate="1" branch-rate="1" complexity="1">
              <lines>
                <line number="36" hits="10" branch="False" />
              </lines>
            </method>
            <method name="get_Page" signature="()" line-rate="1" branch-rate="1" complexity="1">
              <lines>
                <line number="39" hits="11" branch="False" />
              </lines>
            </method>
            <method name="get_PageSize" signature="()" line-rate="1" branch-rate="1" complexity="1">
              <lines>
                <line number="42" hits="16" branch="False" />
              </lines>
            </method>
            <method name="get_TotalPages" signature="()" line-rate="1" branch-rate="1" complexity="2">
              <lines>
                <line number="45" hits="7" branch="True" condition-coverage="100% (2/2)">
                  <conditions>
                    <condition number="7" type="jump" coverage="100%" />
                  </conditions>
                </line>
                <line number="46" hits="7" branch="False" />
                <line number="47" hits="7" branch="False" />
              </lines>
            </method>
            <method name="get_HasPreviousPage" signature="()" line-rate="1" branch-rate="1" complexity="1">
              <lines>
                <line number="50" hits="4" branch="False" />
              </lines>
            </method>
            <method name="get_HasNextPage" signature="()" line-rate="1" branch-rate="1" complexity="1">
              <lines>
                <line number="53" hits="4" branch="False" />
              </lines>
            </method>
            <method name="Create" signature="(System.Collections.Generic.IEnumerable`1&lt;T&gt;,System.Int32,EricksonLopez.SharedKernel.Pagination.PaginationParameters)" line-rate="1" branch-rate="1" complexity="4">
              <lines>
                <line number="67" hits="6" branch="False" />
                <line number="68" hits="7" branch="True" condition-coverage="100% (2/2)">
                  <conditions>
                    <condition number="7" type="jump" coverage="100%" />
                  </conditions>
                </line>
                <line number="69" hits="6" branch="True" condition-coverage="100% (2/2)">
                  <conditions>
                    <condition number="26" type="jump" coverage="100%" />
                  </conditions>
                </line>
                <line number="71" hits="4" branch="False" />
                <line number="72" hits="4" branch="False" />
              </lines>
            </method>
            <method name="Empty" signature="(EricksonLopez.SharedKernel.Pagination.PaginationParameters)" line-rate="1" branch-rate="1" complexity="1">
              <lines>
                <line number="78" hits="1" branch="False" />
              </lines>
            </method>
            <method name="Map" signature="(System.Func`2&lt;T,TResult&gt;)" line-rate="1" branch-rate="1" complexity="1">
              <lines>
                <line number="84" hits="1" branch="False" />
              </lines>
            </method>
            <method name=".ctor" signature="(System.Collections.Generic.IEnumerable`1&lt;T&gt;,System.Int32,System.Int32,System.Int32)" line-rate="1" branch-rate="1" complexity="1">
              <lines>
                <line number="20" hits="7" branch="False" />
                <line number="21" hits="7" branch="False" />
                <line number="22" hits="7" branch="False" />
                <line number="23" hits="7" branch="False" />
                <line number="24" hits="7" branch="False" />
                <line number="25" hits="7" branch="False" />
                <line number="26" hits="7" branch="False" />
                <line number="27" hits="7" branch="False" />
                <line number="28" hits="7" branch="False" />
                <line number="29" hits="7" branch="False" />
                <line number="30" hits="7" branch="False" />
              </lines>
            </method>
          </methods>
          <lines>
            <line number="33" hits="3" branch="False" />
            <line number="36" hits="10" branch="False" />
            <line number="39" hits="11" branch="False" />
            <line number="42" hits="16" branch="False" />
            <line number="45" hits="7" branch="True" condition-coverage="100% (2/2)">
              <conditions>
                <condition number="7" type="jump" coverage="100%" />
              </conditions>
            </line>
            <line number="46" hits="7" branch="False" />
            <line number="47" hits="7" branch="False" />
            <line number="50" hits="4" branch="False" />
            <line number="53" hits="4" branch="False" />
            <line number="67" hits="6" branch="False" />
            <line number="68" hits="7" branch="True" condition-coverage="100% (2/2)">
              <conditions>
                <condition number="7" type="jump" coverage="100%" />
              </conditions>
            </line>
            <line number="69" hits="6" branch="True" condition-coverage="100% (2/2)">
              <conditions>
                <condition number="26" type="jump" coverage="100%" />
              </conditions>
            </line>
            <line number="71" hits="4" branch="False" />
            <line number="72" hits="4" branch="False" />
            <line number="78" hits="1" branch="False" />
            <line number="84" hits="1" branch="False" />
            <line number="20" hits="7" branch="False" />
            <line number="21" hits="7" branch="False" />
            <line number="22" hits="7" branch="False" />
            <line number="23" hits="7" branch="False" />
            <line number="24" hits="7" branch="False" />
            <line number="25" hits="7" branch="False" />
            <line number="26" hits="7" branch="False" />
            <line number="27" hits="7" branch="False" />
            <line number="28" hits="7" branch="False" />
            <line number="29" hits="7" branch="False" />
            <line number="30" hits="7" branch="False" />
          </lines>
        </class>
        <class name="EricksonLopez.SharedKernel.Pagination.PaginationParameters" filename="Pagination/PaginationParameters.cs" line-rate="1" branch-rate="1" complexity="7">
          <methods>
            <method name="get_Page" signature="()" line-rate="1" branch-rate="1" complexity="1">
              <lines>
                <line number="19" hits="20" branch="False" />
              </lines>
            </method>
            <method name="get_PageSize" signature="()" line-rate="1" branch-rate="1" complexity="1">
              <lines>
                <line number="23" hits="7" branch="False" />
              </lines>
            </method>
            <method name="set_PageSize" signature="(System.Int32)" line-rate="1" branch-rate="1" complexity="1">
              <lines>
                <line number="24" hits="6" branch="False" />
              </lines>
            </method>
            <method name="get_Skip" signature="()" line-rate="1" branch-rate="1" complexity="1">
              <lines>
                <line number="30" hits="1" branch="False" />
              </lines>
            </method>
            <method name="get_Default" signature="()" line-rate="1" branch-rate="1" complexity="1">
              <lines>
                <line number="35" hits="2" branch="False" />
              </lines>
            </method>
            <method name="Of" signature="(System.Int32,System.Int32)" line-rate="1" branch-rate="1" complexity="1">
              <lines>
                <line number="40" hits="6" branch="False" />
                <line number="41" hits="6" branch="False" />
                <line number="42" hits="6" branch="False" />
                <line number="43" hits="6" branch="False" />
                <line number="44" hits="6" branch="False" />
              </lines>
            </method>
            <method name=".ctor" signature="()" line-rate="1" branch-rate="1" complexity="1">
              <lines>
                <line number="17" hits="8" branch="False" />
              </lines>
            </method>
          </methods>
          <lines>
            <line number="19" hits="20" branch="False" />
            <line number="23" hits="7" branch="False" />
            <line number="24" hits="6" branch="False" />
            <line number="30" hits="1" branch="False" />
            <line number="35" hits="2" branch="False" />
            <line number="40" hits="6" branch="False" />
            <line number="41" hits="6" branch="False" />
            <line number="42" hits="6" branch="False" />
            <line number="43" hits="6" branch="False" />
            <line number="44" hits="6" branch="False" />
            <line number="17" hits="8" branch="False" />
          </lines>
        </class>
        <class name="EricksonLopez.SharedKernel.Domain.AggregateRoot`1" filename="Domain/AggregateRoot.cs" line-rate="1" branch-rate="1" complexity="5">
          <methods>
            <method name="get_DomainEvents" signature="()" line-rate="1" branch-rate="1" complexity="1">
              <lines>
                <line number="40" hits="3" branch="False" />
              </lines>
            </method>
            <method name="RaiseDomainEvent" signature="(EricksonLopez.SharedKernel.Domain.IDomainEvent)" line-rate="1" branch-rate="1" complexity="2">
              <lines>
                <line number="49" hits="8" branch="False" />
                <line number="50" hits="9" branch="True" condition-coverage="100% (2/2)">
                  <conditions>
                    <condition number="7" type="jump" coverage="100%" />
                  </conditions>
                </line>
                <line number="51" hits="7" branch="False" />
                <line number="52" hits="7" branch="False" />
              </lines>
            </method>
            <method name="ClearDomainEvents" signature="()" line-rate="1" branch-rate="1" complexity="1">
              <lines>
                <line number="58" hits="1" branch="False" />
              </lines>
            </method>
            <method name=".ctor" signature="()" line-rate="1" branch-rate="1" complexity="1">
              <lines>
                <line number="35" hits="7" branch="False" />
              </lines>
            </method>
          </methods>
          <lines>
            <line number="40" hits="3" branch="False" />
            <line number="49" hits="8" branch="False" />
            <line number="50" hits="9" branch="True" condition-coverage="100% (2/2)">
              <conditions>
                <condition number="7" type="jump" coverage="100%" />
              </conditions>
            </line>
            <line number="51" hits="7" branch="False" />
            <line number="52" hits="7" branch="False" />
            <line number="58" hits="1" branch="False" />
            <line number="35" hits="7" branch="False" />
          </lines>
        </class>
        <class name="EricksonLopez.SharedKernel.Domain.Entity`1" filename="Domain/Entity.cs" line-rate="1" branch-rate="1" complexity="11">
          <methods>
            <method name="get_Id" signature="()" line-rate="1" branch-rate="1" complexity="1">
              <lines>
                <line number="24" hits="45" branch="False" />
              </lines>
            </method>
            <method name="Equals" signature="(System.Object)" line-rate="1" branch-rate="1" complexity="6">
              <lines>
                <line number="29" hits="13" branch="False" />
                <line number="30" hits="13" branch="True" condition-coverage="100% (4/4)">
                  <conditions>
                    <condition number="2" type="jump" coverage="100%" />
                    <condition number="26" type="jump" coverage="100%" />
                  </conditions>
                </line>
                <line number="31" hits="4" branch="False" />
                <line number="33" hits="9" branch="True" condition-coverage="100% (2/2)">
                  <conditions>
                    <condition number="38" type="jump" coverage="100%" />
                  </conditions>
                </line>
                <line number="34" hits="2" branch="False" />
                <line number="36" hits="7" branch="False" />
                <line number="37" hits="7" branch="False" />
                <line number="38" hits="13" branch="False" />
              </lines>
            </method>
            <method name="GetHashCode" signature="()" line-rate="1" branch-rate="1" complexity="1">
              <lines>
                <line number="40" hits="1" branch="False" />
              </lines>
            </method>
            <method name="op_Equality" signature="(EricksonLopez.SharedKernel.Domain.Entity`1&lt;TId&gt;,EricksonLopez.SharedKernel.Domain.Entity`1&lt;TId&gt;)" line-rate="1" branch-rate="1" complexity="2">
              <lines>
                <line number="43" hits="8" branch="True" condition-coverage="100% (2/2)">
                  <conditions>
                    <condition number="1" type="jump" coverage="100%" />
                  </conditions>
                </line>
              </lines>
            </method>
            <method name="op_Inequality" signature="(EricksonLopez.SharedKernel.Domain.Entity`1&lt;TId&gt;,EricksonLopez.SharedKernel.Domain.Entity`1&lt;TId&gt;)" line-rate="1" branch-rate="1" complexity="1">
              <lines>
                <line number="46" hits="3" branch="False" />
              </lines>
            </method>
          </methods>
          <lines>
            <line number="24" hits="45" branch="False" />
            <line number="29" hits="13" branch="False" />
            <line number="30" hits="13" branch="True" condition-coverage="100% (4/4)">
              <conditions>
                <condition number="2" type="jump" coverage="100%" />
                <condition number="26" type="jump" coverage="100%" />
              </conditions>
            </line>
            <line number="31" hits="4" branch="False" />
            <line number="33" hits="9" branch="True" condition-coverage="100% (2/2)">
              <conditions>
                <condition number="38" type="jump" coverage="100%" />
              </conditions>
            </line>
            <line number="34" hits="2" branch="False" />
            <line number="36" hits="7" branch="False" />
            <line number="37" hits="7" branch="False" />
            <line number="38" hits="13" branch="False" />
            <line number="40" hits="1" branch="False" />
            <line number="43" hits="8" branch="True" condition-coverage="100% (2/2)">
              <conditions>
                <condition number="1" type="jump" coverage="100%" />
              </conditions>
            </line>
            <line number="46" hits="3" branch="False" />
          </lines>
        </class>
        <class name="EricksonLopez.SharedKernel.Domain.ValueObject" filename="Domain/ValueObject.cs" line-rate="1" branch-rate="1" complexity="10">
          <methods>
            <method name="Equals" signature="(EricksonLopez.SharedKernel.Domain.ValueObject)" line-rate="1" branch-rate="1" complexity="4">
              <lines>
                <line number="70" hits="8" branch="False" />
                <line number="71" hits="8" branch="True" condition-coverage="100% (4/4)">
                  <conditions>
                    <condition number="2" type="jump" coverage="100%" />
                    <condition number="26" type="jump" coverage="100%" />
                  </conditions>
                </line>
                <line number="72" hits="2" branch="False" />
                <line number="74" hits="6" branch="False" />
                <line number="75" hits="8" branch="False" />
              </lines>
            </method>
            <method name="Equals" signature="(System.Object)" line-rate="1" branch-rate="1" complexity="2">
              <lines>
                <line number="78" hits="4" branch="True" condition-coverage="100% (2/2)">
                  <conditions>
                    <condition number="8" type="jump" coverage="100%" />
                  </conditions>
                </line>
              </lines>
            </method>
            <method name="GetHashCode" signature="()" line-rate="1" branch-rate="1" complexity="1">
              <lines>
                <line number="81" hits="2" branch="False" />
                <line number="82" hits="6" branch="False" />
              </lines>
            </method>
            <method name="op_Equality" signature="(EricksonLopez.SharedKernel.Domain.ValueObject,EricksonLopez.SharedKernel.Domain.ValueObject)" line-rate="1" branch-rate="1" complexity="2">
              <lines>
                <line number="85" hits="5" branch="True" condition-coverage="100% (2/2)">
                  <conditions>
                    <condition number="1" type="jump" coverage="100%" />
                  </conditions>
                </line>
              </lines>
            </method>
            <method name="op_Inequality" signature="(EricksonLopez.SharedKernel.Domain.ValueObject,EricksonLopez.SharedKernel.Domain.ValueObject)" line-rate="1" branch-rate="1" complexity="1">
              <lines>
                <line number="88" hits="1" branch="False" />
              </lines>
            </method>
          </methods>
          <lines>
            <line number="70" hits="8" branch="False" />
            <line number="71" hits="8" branch="True" condition-coverage="100% (4/4)">
              <conditions>
                <condition number="2" type="jump" coverage="100%" />
                <condition number="26" type="jump" coverage="100%" />
              </conditions>
            </line>
            <line number="72" hits="2" branch="False" />
            <line number="74" hits="6" branch="False" />
            <line number="75" hits="8" branch="False" />
            <line number="78" hits="4" branch="True" condition-coverage="100% (2/2)">
              <conditions>
                <condition number="8" type="jump" coverage="100%" />
              </conditions>
            </line>
            <line number="81" hits="2" branch="False" />
            <line number="82" hits="6" branch="False" />
            <line number="85" hits="5" branch="True" condition-coverage="100% (2/2)">
              <conditions>
                <condition number="1" type="jump" coverage="100%" />
              </conditions>
            </line>
            <line number="88" hits="1" branch="False" />
          </lines>
        </class>
      </classes>
    </package>
  </packages>
</coverage>