<?xml version="1.0" encoding="utf-8"?>
<coverage line-rate="1" branch-rate="0.9944" version="1.9" timestamp="1784811322" lines-covered="581" lines-valid="581" branches-covered="179" branches-valid="180">
  <sources>
    <source>d:/DevData/dotnet-shared-kernel/</source>
  </sources>
  <packages>
    <package name="EricksonLopez.SharedKernel" line-rate="1" branch-rate="0.9943000000000001" complexity="286">
      <classes>
        <class name="EricksonLopez.SharedKernel.Specifications.Specification`1" filename="src/EricksonLopez.SharedKernel/Specifications/Specification.cs" line-rate="1" branch-rate="1" complexity="12">
          <methods>
            <method name="IsSatisfiedBy" signature="(T)" line-rate="1" branch-rate="1" complexity="1">
              <lines>
                <line number="55" hits="10047" branch="False" />
              </lines>
            </method>
            <method name="Evaluate" signature="(T)" line-rate="1" branch-rate="1" complexity="4">
              <lines>
                <line number="75" hits="10029" branch="False" />
                <line number="78" hits="10029" branch="True" condition-coverage="100% (2/2)">
                  <conditions>
                    <condition number="12" type="jump" coverage="100%" />
                  </conditions>
                </line>
                <line number="79" hits="15" branch="False" />
                <line number="80" hits="15" branch="False" />
                <line number="81" hits="15" branch="False" />
                <line number="83" hits="15" branch="True" condition-coverage="100% (2/2)">
                  <conditions>
                    <condition number="40" type="jump" coverage="100%" />
                  </conditions>
                </line>
                <line number="85" hits="15" branch="False" />
                <line number="86" hits="15" branch="False" />
                <line number="87" hits="10029" branch="False" />
                <line number="88" hits="10029" branch="False" />
              </lines>
            </method>
            <method name="And" signature="(EricksonLopez.SharedKernel.Specifications.Specification`1&lt;T&gt;)" line-rate="1" branch-rate="1" complexity="1">
              <lines>
                <line number="96" hits="4" branch="False" />
              </lines>
            </method>
            <method name="Or" signature="(EricksonLopez.SharedKernel.Specifications.Specification`1&lt;T&gt;)" line-rate="1" branch-rate="1" complexity="1">
              <lines>
                <line number="102" hits="3" branch="False" />
              </lines>
            </method>
            <method name="Not" signature="()" line-rate="1" branch-rate="1" complexity="1">
              <lines>
                <line number="108" hits="4" branch="False" />
              </lines>
            </method>
            <method name="op_BitwiseAnd" signature="(EricksonLopez.SharedKernel.Specifications.Specification`1&lt;T&gt;,EricksonLopez.SharedKernel.Specifications.Specification`1&lt;T&gt;)" line-rate="1" branch-rate="1" complexity="1">
              <lines>
                <line number="113" hits="2" branch="False" />
              </lines>
            </method>
            <method name="op_BitwiseOr" signature="(EricksonLopez.SharedKernel.Specifications.Specification`1&lt;T&gt;,EricksonLopez.SharedKernel.Specifications.Specification`1&lt;T&gt;)" line-rate="1" branch-rate="1" complexity="1">
              <lines>
                <line number="116" hits="2" branch="False" />
              </lines>
            </method>
            <method name="op_LogicalNot" signature="(EricksonLopez.SharedKernel.Specifications.Specification`1&lt;T&gt;)" line-rate="1" branch-rate="1" complexity="1">
              <lines>
                <line number="119" hits="2" branch="False" />
              </lines>
            </method>
            <method name=".ctor" signature="()" line-rate="1" branch-rate="1" complexity="1">
              <lines>
                <line number="49" hits="33" branch="False" />
              </lines>
            </method>
          </methods>
          <lines>
            <line number="55" hits="10047" branch="False" />
            <line number="75" hits="10029" branch="False" />
            <line number="78" hits="10029" branch="True" condition-coverage="100% (2/2)">
              <conditions>
                <condition number="12" type="jump" coverage="100%" />
              </conditions>
            </line>
            <line number="79" hits="15" branch="False" />
            <line number="80" hits="15" branch="False" />
            <line number="81" hits="15" branch="False" />
            <line number="83" hits="15" branch="True" condition-coverage="100% (2/2)">
              <conditions>
                <condition number="40" type="jump" coverage="100%" />
              </conditions>
            </line>
            <line number="85" hits="15" branch="False" />
            <line number="86" hits="15" branch="False" />
            <line number="87" hits="10029" branch="False" />
            <line number="88" hits="10029" branch="False" />
            <line number="96" hits="4" branch="False" />
            <line number="102" hits="3" branch="False" />
            <line number="108" hits="4" branch="False" />
            <line number="113" hits="2" branch="False" />
            <line number="116" hits="2" branch="False" />
            <line number="119" hits="2" branch="False" />
            <line number="49" hits="33" branch="False" />
          </lines>
        </class>
        <class name="EricksonLopez.SharedKernel.Specifications.AndSpecification`1" filename="src/EricksonLopez.SharedKernel/Specifications/Specification.cs" line-rate="1" branch-rate="1" complexity="4">
          <methods>
            <method name="ToExpression" signature="()" line-rate="1" branch-rate="1" complexity="1">
              <lines>
                <line number="132" hits="1" branch="False" />
                <line number="133" hits="1" branch="False" />
                <line number="134" hits="1" branch="False" />
                <line number="136" hits="1" branch="False" />
                <line number="138" hits="1" branch="False" />
                <line number="139" hits="1" branch="False" />
                <line number="141" hits="1" branch="False" />
                <line number="142" hits="1" branch="False" />
                <line number="144" hits="1" branch="False" />
                <line number="145" hits="1" branch="False" />
                <line number="146" hits="1" branch="False" />
              </lines>
            </method>
            <method name="Evaluate" signature="(T)" line-rate="1" branch-rate="1" complexity="2">
              <lines>
                <line number="150" hits="6" branch="True" condition-coverage="100% (2/2)">
                  <conditions>
                    <condition number="12" type="jump" coverage="100%" />
                  </conditions>
                </line>
              </lines>
            </method>
            <method name=".ctor" signature="(EricksonLopez.SharedKernel.Specifications.Specification`1&lt;T&gt;,EricksonLopez.SharedKernel.Specifications.Specification`1&lt;T&gt;)" line-rate="1" branch-rate="1" complexity="1">
              <lines>
                <line number="128" hits="4" branch="False" />
              </lines>
            </method>
          </methods>
          <lines>
            <line number="132" hits="1" branch="False" />
            <line number="133" hits="1" branch="False" />
            <line number="134" hits="1" branch="False" />
            <line number="136" hits="1" branch="False" />
            <line number="138" hits="1" branch="False" />
            <line number="139" hits="1" branch="False" />
            <line number="141" hits="1" branch="False" />
            <line number="142" hits="1" branch="False" />
            <line number="144" hits="1" branch="False" />
            <line number="145" hits="1" branch="False" />
            <line number="146" hits="1" branch="False" />
            <line number="150" hits="6" branch="True" condition-coverage="100% (2/2)">
              <conditions>
                <condition number="12" type="jump" coverage="100%" />
              </conditions>
            </line>
            <line number="128" hits="4" branch="False" />
          </lines>
        </class>
        <class name="EricksonLopez.SharedKernel.Specifications.OrSpecification`1" filename="src/EricksonLopez.SharedKernel/Specifications/Specification.cs" line-rate="1" branch-rate="1" complexity="4">
          <methods>
            <method name="ToExpression" signature="()" line-rate="1" branch-rate="1" complexity="1">
              <lines>
                <line number="158" hits="1" branch="False" />
                <line number="159" hits="1" branch="False" />
                <line number="160" hits="1" branch="False" />
                <line number="162" hits="1" branch="False" />
                <line number="164" hits="1" branch="False" />
                <line number="165" hits="1" branch="False" />
                <line number="167" hits="1" branch="False" />
                <line number="168" hits="1" branch="False" />
                <line number="170" hits="1" branch="False" />
                <line number="171" hits="1" branch="False" />
                <line number="172" hits="1" branch="False" />
              </lines>
            </method>
            <method name="Evaluate" signature="(T)" line-rate="1" branch-rate="1" complexity="2">
              <lines>
                <line number="176" hits="6" branch="True" condition-coverage="100% (2/2)">
                  <conditions>
                    <condition number="12" type="jump" coverage="100%" />
                  </conditions>
                </line>
              </lines>
            </method>
            <method name=".ctor" signature="(EricksonLopez.SharedKernel.Specifications.Specification`1&lt;T&gt;,EricksonLopez.SharedKernel.Specifications.Specification`1&lt;T&gt;)" line-rate="1" branch-rate="1" complexity="1">
              <lines>
                <line number="154" hits="3" branch="False" />
              </lines>
            </method>
          </methods>
          <lines>
            <line number="158" hits="1" branch="False" />
            <line number="159" hits="1" branch="False" />
            <line number="160" hits="1" branch="False" />
            <line number="162" hits="1" branch="False" />
            <line number="164" hits="1" branch="False" />
            <line number="165" hits="1" branch="False" />
            <line number="167" hits="1" branch="False" />
            <line number="168" hits="1" branch="False" />
            <line number="170" hits="1" branch="False" />
            <line number="171" hits="1" branch="False" />
            <line number="172" hits="1" branch="False" />
            <line number="176" hits="6" branch="True" condition-coverage="100% (2/2)">
              <conditions>
                <condition number="12" type="jump" coverage="100%" />
              </conditions>
            </line>
            <line number="154" hits="3" branch="False" />
          </lines>
        </class>
        <class name="EricksonLopez.SharedKernel.Specifications.NotSpecification`1" filename="src/EricksonLopez.SharedKernel/Specifications/Specification.cs" line-rate="1" branch-rate="1" complexity="3">
          <methods>
            <method name="ToExpression" signature="()" line-rate="1" branch-rate="1" complexity="1">
              <lines>
                <line number="183" hits="1" branch="False" />
                <line number="184" hits="1" branch="False" />
                <line number="185" hits="1" branch="False" />
                <line number="186" hits="1" branch="False" />
                <line number="187" hits="1" branch="False" />
              </lines>
            </method>
            <method name="Evaluate" signature="(T)" line-rate="1" branch-rate="1" complexity="1">
              <lines>
                <line number="191" hits="5" branch="False" />
              </lines>
            </method>
            <method name=".ctor" signature="(EricksonLopez.SharedKernel.Specifications.Specification`1&lt;T&gt;)" line-rate="1" branch-rate="1" complexity="1">
              <lines>
                <line number="180" hits="4" branch="False" />
              </lines>
            </method>
          </methods>
          <lines>
            <line number="183" hits="1" branch="False" />
            <line number="184" hits="1" branch="False" />
            <line number="185" hits="1" branch="False" />
            <line number="186" hits="1" branch="False" />
            <line number="187" hits="1" branch="False" />
            <line number="191" hits="5" branch="False" />
            <line number="180" hits="4" branch="False" />
          </lines>
        </class>
        <class name="EricksonLopez.SharedKernel.Specifications.ReplaceExpressionVisitor" filename="src/EricksonLopez.SharedKernel/Specifications/Specification.cs" line-rate="1" branch-rate="1" complexity="3">
          <methods>
            <method name="Visit" signature="(System.Linq.Expressions.Expression)" line-rate="1" branch-rate="1" complexity="2">
              <lines>
                <line number="197" hits="14" branch="False" />
                <line number="198" hits="14" branch="True" condition-coverage="100% (2/2)">
                  <conditions>
                    <condition number="12" type="jump" coverage="100%" />
                  </conditions>
                </line>
                <line number="199" hits="4" branch="False" />
                <line number="201" hits="10" branch="False" />
                <line number="202" hits="14" branch="False" />
              </lines>
            </method>
            <method name=".ctor" signature="(System.Linq.Expressions.Expression,System.Linq.Expressions.Expression)" line-rate="1" branch-rate="1" complexity="1">
              <lines>
                <line number="194" hits="4" branch="False" />
              </lines>
            </method>
          </methods>
          <lines>
            <line number="197" hits="14" branch="False" />
            <line number="198" hits="14" branch="True" condition-coverage="100% (2/2)">
              <conditions>
                <condition number="12" type="jump" coverage="100%" />
              </conditions>
            </line>
            <line number="199" hits="4" branch="False" />
            <line number="201" hits="10" branch="False" />
            <line number="202" hits="14" branch="False" />
            <line number="194" hits="4" branch="False" />
          </lines>
        </class>
        <class name="EricksonLopez.SharedKernel.Results.Error" filename="src/EricksonLopez.SharedKernel/Results/Error.cs" line-rate="1" branch-rate="1" complexity="30">
          <methods>
            <method name="get_Code" signature="()" line-rate="1" branch-rate="1" complexity="1">
              <lines>
                <line number="47" hits="1044" branch="False" />
              </lines>
            </method>
            <method name="get_Description" signature="()" line-rate="1" branch-rate="1" complexity="1">
              <lines>
                <line number="50" hits="1023" branch="False" />
              </lines>
            </method>
            <method name="get_Type" signature="()" line-rate="1" branch-rate="1" complexity="1">
              <lines>
                <line number="53" hits="48" branch="False" />
              </lines>
            </method>
            <method name="get_InnerErrors" signature="()" line-rate="1" branch-rate="1" complexity="2">
              <lines>
                <line number="63" hits="24" branch="True" condition-coverage="100% (2/2)">
                  <conditions>
                    <condition number="7" type="jump" coverage="100%" />
                  </conditions>
                </line>
              </lines>
            </method>
            <method name="get_HasInnerErrors" signature="()" line-rate="1" branch-rate="1" complexity="2">
              <lines>
                <line number="68" hits="33" branch="True" condition-coverage="100% (2/2)">
                  <conditions>
                    <condition number="8" type="jump" coverage="100%" />
                  </conditions>
                </line>
              </lines>
            </method>
            <method name="Failure" signature="(System.String,System.String)" line-rate="1" branch-rate="1" complexity="1">
              <lines>
                <line number="74" hits="2536" branch="False" />
              </lines>
            </method>
            <method name="Failure" signature="(System.String,System.String,EricksonLopez.SharedKernel.Results.Error[])" line-rate="1" branch-rate="1" complexity="1">
              <lines>
                <line number="78" hits="7" branch="False" />
              </lines>
            </method>
            <method name="Validation" signature="(System.String,System.String)" line-rate="1" branch-rate="1" complexity="1">
              <lines>
                <line number="82" hits="63" branch="False" />
              </lines>
            </method>
            <method name="Validation" signature="(System.String,System.String,EricksonLopez.SharedKernel.Results.Error[])" line-rate="1" branch-rate="1" complexity="1">
              <lines>
                <line number="86" hits="5" branch="False" />
              </lines>
            </method>
            <method name="NotFound" signature="(System.String,System.String)" line-rate="1" branch-rate="1" complexity="1">
              <lines>
                <line number="90" hits="20" branch="False" />
              </lines>
            </method>
            <method name="NotFound" signature="(System.String,System.String,EricksonLopez.SharedKernel.Results.Error[])" line-rate="1" branch-rate="1" complexity="1">
              <lines>
                <line number="94" hits="1" branch="False" />
              </lines>
            </method>
            <method name="Conflict" signature="(System.String,System.String)" line-rate="1" branch-rate="1" complexity="1">
              <lines>
                <line number="98" hits="1" branch="False" />
              </lines>
            </method>
            <method name="Conflict" signature="(System.String,System.String,EricksonLopez.SharedKernel.Results.Error[])" line-rate="1" branch-rate="1" complexity="1">
              <lines>
                <line number="102" hits="1" branch="False" />
              </lines>
            </method>
            <method name="Unauthorized" signature="(System.String,System.String)" line-rate="1" branch-rate="1" complexity="1">
              <lines>
                <line number="106" hits="1" branch="False" />
              </lines>
            </method>
            <method name="Unauthorized" signature="(System.String,System.String,EricksonLopez.SharedKernel.Results.Error[])" line-rate="1" branch-rate="1" complexity="1">
              <lines>
                <line number="110" hits="1" branch="False" />
              </lines>
            </method>
            <method name="Forbidden" signature="(System.String,System.String)" line-rate="1" branch-rate="1" complexity="1">
              <lines>
                <line number="114" hits="1" branch="False" />
              </lines>
            </method>
            <method name="Forbidden" signature="(System.String,System.String,EricksonLopez.SharedKernel.Results.Error[])" line-rate="1" branch-rate="1" complexity="1">
              <lines>
                <line number="118" hits="1" branch="False" />
              </lines>
            </method>
            <method name="Unavailable" signature="(System.String,System.String)" line-rate="1" branch-rate="1" complexity="1">
              <lines>
                <line number="122" hits="5" branch="False" />
              </lines>
            </method>
            <method name="Unavailable" signature="(System.String,System.String,EricksonLopez.SharedKernel.Results.Error[])" line-rate="1" branch-rate="1" complexity="1">
              <lines>
                <line number="126" hits="1" branch="False" />
              </lines>
            </method>
            <method name="Unexpected" signature="(System.String,System.String)" line-rate="1" branch-rate="1" complexity="1">
              <lines>
                <line number="130" hits="6" branch="False" />
              </lines>
            </method>
            <method name="Unexpected" signature="(System.String,System.String,EricksonLopez.SharedKernel.Results.Error[])" line-rate="1" branch-rate="1" complexity="1">
              <lines>
                <line number="134" hits="1" branch="False" />
              </lines>
            </method>
            <method name="ToString" signature="()" line-rate="1" branch-rate="1" complexity="2">
              <lines>
                <line number="137" hits="14" branch="False" />
                <line number="138" hits="14" branch="False" />
                <line number="139" hits="14" branch="True" condition-coverage="100% (2/2)">
                  <conditions>
                    <condition number="107" type="jump" coverage="100%" />
                  </conditions>
                </line>
                <line number="140" hits="2" branch="False" />
                <line number="141" hits="14" branch="False" />
                <line number="142" hits="14" branch="False" />
              </lines>
            </method>
            <method name=".ctor" signature="(System.String,System.String,EricksonLopez.SharedKernel.Results.ErrorType,System.Collections.Generic.IReadOnlyList`1&lt;EricksonLopez.SharedKernel.Results.Error&gt;)" line-rate="1" branch-rate="1" complexity="4">
              <lines>
                <line number="38" hits="2652" branch="False" />
                <line number="39" hits="2652" branch="False" />
                <line number="40" hits="2652" branch="False" />
                <line number="41" hits="2652" branch="False" />
                <line number="42" hits="2652" branch="False" />
                <line number="43" hits="2652" branch="True" condition-coverage="100% (4/4)">
                  <conditions>
                    <condition number="32" type="jump" coverage="100%" />
                    <condition number="42" type="jump" coverage="100%" />
                  </conditions>
                </line>
                <line number="44" hits="2652" branch="False" />
              </lines>
            </method>
            <method name=".cctor" signature="()" line-rate="1" branch-rate="1" complexity="1">
              <lines>
                <line number="34" hits="1" branch="False" />
              </lines>
            </method>
          </methods>
          <lines>
            <line number="47" hits="1044" branch="False" />
            <line number="50" hits="1023" branch="False" />
            <line number="53" hits="48" branch="False" />
            <line number="63" hits="24" branch="True" condition-coverage="100% (2/2)">
              <conditions>
                <condition number="7" type="jump" coverage="100%" />
              </conditions>
            </line>
            <line number="68" hits="33" branch="True" condition-coverage="100% (2/2)">
              <conditions>
                <condition number="8" type="jump" coverage="100%" />
              </conditions>
            </line>
            <line number="74" hits="2536" branch="False" />
            <line number="78" hits="7" branch="False" />
            <line number="82" hits="63" branch="False" />
            <line number="86" hits="5" branch="False" />
            <line number="90" hits="20" branch="False" />
            <line number="94" hits="1" branch="False" />
            <line number="98" hits="1" branch="False" />
            <line number="102" hits="1" branch="False" />
            <line number="106" hits="1" branch="False" />
            <line number="110" hits="1" branch="False" />
            <line number="114" hits="1" branch="False" />
            <line number="118" hits="1" branch="False" />
            <line number="122" hits="5" branch="False" />
            <line number="126" hits="1" branch="False" />
            <line number="130" hits="6" branch="False" />
            <line number="134" hits="1" branch="False" />
            <line number="137" hits="14" branch="False" />
            <line number="138" hits="14" branch="False" />
            <line number="139" hits="14" branch="True" condition-coverage="100% (2/2)">
              <conditions>
                <condition number="107" type="jump" coverage="100%" />
              </conditions>
            </line>
            <line number="140" hits="2" branch="False" />
            <line number="141" hits="14" branch="False" />
            <line number="142" hits="14" branch="False" />
            <line number="38" hits="2652" branch="False" />
            <line number="39" hits="2652" branch="False" />
            <line number="40" hits="2652" branch="False" />
            <line number="41" hits="2652" branch="False" />
            <line number="42" hits="2652" branch="False" />
            <line number="43" hits="2652" branch="True" condition-coverage="100% (4/4)">
              <conditions>
                <condition number="32" type="jump" coverage="100%" />
                <condition number="42" type="jump" coverage="100%" />
              </conditions>
            </line>
            <line number="44" hits="2652" branch="False" />
            <line number="34" hits="1" branch="False" />
          </lines>
        </class>
        <class name="EricksonLopez.SharedKernel.Results.Result" filename="src/EricksonLopez.SharedKernel/Results/Result.cs" line-rate="1" branch-rate="1" complexity="78">
          <methods>
            <method name="get_IsSuccess" signature="()" line-rate="1" branch-rate="1" complexity="1">
              <lines>
                <line number="45" hits="6413" branch="False" />
              </lines>
            </method>
            <method name="get_IsFailure" signature="()" line-rate="1" branch-rate="1" complexity="1">
              <lines>
                <line number="46" hits="1201" branch="False" />
              </lines>
            </method>
            <method name="get_Error" signature="()" line-rate="1" branch-rate="1" complexity="1">
              <lines>
                <line number="47" hits="1635" branch="False" />
              </lines>
            </method>
            <method name="Success" signature="()" line-rate="1" branch-rate="1" complexity="1">
              <lines>
                <line number="53" hits="531" branch="False" />
              </lines>
            </method>
            <method name="Failure" signature="(EricksonLopez.SharedKernel.Results.Error)" line-rate="1" branch-rate="1" complexity="1">
              <lines>
                <line number="54" hits="542" branch="False" />
              </lines>
            </method>
            <method name="Success" signature="(TValue)" line-rate="1" branch-rate="1" complexity="1">
              <lines>
                <line number="56" hits="1093" branch="False" />
              </lines>
            </method>
            <method name="Failure" signature="(EricksonLopez.SharedKernel.Results.Error)" line-rate="1" branch-rate="1" complexity="1">
              <lines>
                <line number="57" hits="94" branch="False" />
              </lines>
            </method>
            <method name="Match" signature="(System.Func`1&lt;TOut&gt;,System.Func`2&lt;EricksonLopez.SharedKernel.Results.Error,TOut&gt;)" line-rate="1" branch-rate="1" complexity="2">
              <lines>
                <line number="72" hits="6" branch="True" condition-coverage="100% (2/2)">
                  <conditions>
                    <condition number="6" type="jump" coverage="100%" />
                  </conditions>
                </line>
              </lines>
            </method>
            <method name="Tap" signature="(System.Action)" line-rate="1" branch-rate="1" complexity="2">
              <lines>
                <line number="81" hits="6" branch="False" />
                <line number="82" hits="9" branch="True" condition-coverage="100% (2/2)">
                  <conditions>
                    <condition number="9" type="jump" coverage="100%" />
                  </conditions>
                </line>
                <line number="83" hits="6" branch="False" />
                <line number="84" hits="6" branch="False" />
              </lines>
            </method>
            <method name="TapError" signature="(System.Action`1&lt;EricksonLopez.SharedKernel.Results.Error&gt;)" line-rate="1" branch-rate="1" complexity="2">
              <lines>
                <line number="91" hits="6" branch="False" />
                <line number="92" hits="9" branch="True" condition-coverage="100% (2/2)">
                  <conditions>
                    <condition number="9" type="jump" coverage="100%" />
                  </conditions>
                </line>
                <line number="93" hits="6" branch="False" />
                <line number="94" hits="6" branch="False" />
              </lines>
            </method>
            <method name="Ensure" signature="(System.Func`1&lt;System.Boolean&gt;,EricksonLopez.SharedKernel.Results.Error)" line-rate="1" branch-rate="1" complexity="4">
              <lines>
                <line number="103" hits="9" branch="False" />
                <line number="104" hits="12" branch="True" condition-coverage="100% (2/2)">
                  <conditions>
                    <condition number="9" type="jump" coverage="100%" />
                  </conditions>
                </line>
                <line number="105" hits="6" branch="True" condition-coverage="100% (2/2)">
                  <conditions>
                    <condition number="21" type="jump" coverage="100%" />
                  </conditions>
                </line>
                <line number="106" hits="9" branch="False" />
              </lines>
            </method>
            <method name="Finally" signature="(System.Action`1&lt;EricksonLopez.SharedKernel.Results.Result&gt;)" line-rate="1" branch-rate="1" complexity="1">
              <lines>
                <line number="115" hits="6" branch="False" />
                <line number="116" hits="6" branch="False" />
                <line number="117" hits="6" branch="False" />
                <line number="118" hits="6" branch="False" />
              </lines>
            </method>
            <method name="Try" signature="(System.Action,System.Func`2&lt;System.Exception,EricksonLopez.SharedKernel.Results.Error&gt;)" line-rate="1" branch-rate="1" complexity="1">
              <lines>
                <line number="133" hits="2" branch="False" />
                <line number="135" hits="2" branch="False" />
                <line number="136" hits="2" branch="False" />
                <line number="137" hits="1" branch="False" />
                <line number="139" hits="1" branch="False" />
                <line number="140" hits="1" branch="False" />
                <line number="141" hits="1" branch="False" />
                <line number="143" hits="2" branch="False" />
              </lines>
            </method>
            <method name="Try" signature="(System.Func`1&lt;T&gt;,System.Func`2&lt;System.Exception,EricksonLopez.SharedKernel.Results.Error&gt;)" line-rate="1" branch-rate="1" complexity="1">
              <lines>
                <line number="156" hits="2" branch="False" />
                <line number="158" hits="2" branch="False" />
                <line number="159" hits="2" branch="False" />
                <line number="161" hits="1" branch="False" />
                <line number="162" hits="1" branch="False" />
                <line number="163" hits="1" branch="False" />
                <line number="165" hits="2" branch="False" />
              </lines>
            </method>
            <method name="Combine" signature="(EricksonLopez.SharedKernel.Results.Result[])" line-rate="1" branch-rate="1" complexity="10">
              <lines>
                <line number="174" hits="5" branch="False" />
                <line number="175" hits="5" branch="False" />
                <line number="177" hits="2033" branch="True" condition-coverage="100% (2/2)">
                  <conditions>
                    <condition number="60" type="jump" coverage="100%" />
                  </conditions>
                </line>
                <line number="178" hits="1009" branch="False" />
                <line number="179" hits="1009" branch="True" condition-coverage="100% (2/2)">
                  <conditions>
                    <condition number="25" type="jump" coverage="100%" />
                  </conditions>
                </line>
                <line number="180" hits="503" branch="False" />
                <line number="181" hits="503" branch="True" condition-coverage="100% (2/2)">
                  <conditions>
                    <condition number="29" type="jump" coverage="100%" />
                  </conditions>
                </line>
                <line number="182" hits="503" branch="False" />
                <line number="183" hits="503" branch="False" />
                <line number="184" hits="1009" branch="False" />
                <line number="186" hits="5" branch="True" condition-coverage="100% (2/2)">
                  <conditions>
                    <condition number="70" type="jump" coverage="100%" />
                  </conditions>
                </line>
                <line number="187" hits="2" branch="False" />
                <line number="189" hits="3" branch="True" condition-coverage="100% (2/2)">
                  <conditions>
                    <condition number="88" type="jump" coverage="100%" />
                  </conditions>
                </line>
                <line number="190" hits="3" branch="False" />
                <line number="191" hits="3" branch="False" />
                <line number="192" hits="3" branch="False" />
                <line number="193" hits="3" branch="False" />
                <line number="194" hits="3" branch="False" />
                <line number="195" hits="5" branch="False" />
              </lines>
            </method>
            <method name="Combine" signature="(EricksonLopez.SharedKernel.Results.Result`1&lt;T&gt;[])" line-rate="1" branch-rate="1" complexity="10">
              <lines>
                <line number="202" hits="4" branch="False" />
                <line number="203" hits="4" branch="False" />
                <line number="204" hits="4" branch="False" />
                <line number="206" hits="30" branch="True" condition-coverage="100% (2/2)">
                  <conditions>
                    <condition number="90" type="jump" coverage="100%" />
                  </conditions>
                </line>
                <line number="207" hits="9" branch="False" />
                <line number="208" hits="9" branch="True" condition-coverage="100% (2/2)">
                  <conditions>
                    <condition number="36" type="jump" coverage="100%" />
                  </conditions>
                </line>
                <line number="209" hits="3" branch="False" />
                <line number="210" hits="3" branch="True" condition-coverage="100% (2/2)">
                  <conditions>
                    <condition number="40" type="jump" coverage="100%" />
                  </conditions>
                </line>
                <line number="211" hits="3" branch="False" />
                <line number="212" hits="3" branch="False" />
                <line number="214" hits="6" branch="False" />
                <line number="215" hits="6" branch="False" />
                <line number="216" hits="6" branch="False" />
                <line number="217" hits="9" branch="False" />
                <line number="219" hits="4" branch="True" condition-coverage="100% (2/2)">
                  <conditions>
                    <condition number="100" type="jump" coverage="100%" />
                  </conditions>
                </line>
                <line number="220" hits="2" branch="False" />
                <line number="222" hits="2" branch="True" condition-coverage="100% (2/2)">
                  <conditions>
                    <condition number="124" type="jump" coverage="100%" />
                  </conditions>
                </line>
                <line number="223" hits="2" branch="False" />
                <line number="224" hits="2" branch="False" />
                <line number="225" hits="2" branch="False" />
                <line number="226" hits="2" branch="False" />
                <line number="227" hits="2" branch="False" />
                <line number="228" hits="4" branch="False" />
              </lines>
            </method>
            <method name="Combine" signature="(EricksonLopez.SharedKernel.Results.Result`1&lt;T1&gt;,EricksonLopez.SharedKernel.Results.Result`1&lt;T2&gt;)" line-rate="1" branch-rate="1" complexity="10">
              <lines>
                <line number="234" hits="5" branch="False" />
                <line number="235" hits="5" branch="True" condition-coverage="100% (4/4)">
                  <conditions>
                    <condition number="7" type="jump" coverage="100%" />
                    <condition number="20" type="jump" coverage="100%" />
                  </conditions>
                </line>
                <line number="236" hits="1" branch="False" />
                <line number="238" hits="4" branch="False" />
                <line number="239" hits="6" branch="True" condition-coverage="100% (2/2)">
                  <conditions>
                    <condition number="64" type="jump" coverage="100%" />
                  </conditions>
                </line>
                <line number="240" hits="7" branch="True" condition-coverage="100% (2/2)">
                  <conditions>
                    <condition number="89" type="jump" coverage="100%" />
                  </conditions>
                </line>
                <line number="242" hits="4" branch="True" condition-coverage="100% (2/2)">
                  <conditions>
                    <condition number="111" type="jump" coverage="100%" />
                  </conditions>
                </line>
                <line number="243" hits="4" branch="False" />
                <line number="244" hits="4" branch="False" />
                <line number="245" hits="4" branch="False" />
                <line number="246" hits="4" branch="False" />
                <line number="247" hits="4" branch="False" />
                <line number="248" hits="5" branch="False" />
              </lines>
            </method>
            <method name="Combine" signature="(EricksonLopez.SharedKernel.Results.Result`1&lt;T1&gt;,EricksonLopez.SharedKernel.Results.Result`1&lt;T2&gt;,EricksonLopez.SharedKernel.Results.Result`1&lt;T3&gt;)" line-rate="1" branch-rate="1" complexity="14">
              <lines>
                <line number="255" hits="5" branch="False" />
                <line number="256" hits="5" branch="True" condition-coverage="100% (6/6)">
                  <conditions>
                    <condition number="7" type="jump" coverage="100%" />
                    <condition number="15" type="jump" coverage="100%" />
                    <condition number="28" type="jump" coverage="100%" />
                  </conditions>
                </line>
                <line number="257" hits="1" branch="False" />
                <line number="259" hits="4" branch="False" />
                <line number="260" hits="6" branch="True" condition-coverage="100% (2/2)">
                  <conditions>
                    <condition number="78" type="jump" coverage="100%" />
                  </conditions>
                </line>
                <line number="261" hits="6" branch="True" condition-coverage="100% (2/2)">
                  <conditions>
                    <condition number="103" type="jump" coverage="100%" />
                  </conditions>
                </line>
                <line number="262" hits="6" branch="True" condition-coverage="100% (2/2)">
                  <conditions>
                    <condition number="128" type="jump" coverage="100%" />
                  </conditions>
                </line>
                <line number="264" hits="4" branch="True" condition-coverage="100% (2/2)">
                  <conditions>
                    <condition number="150" type="jump" coverage="100%" />
                  </conditions>
                </line>
                <line number="265" hits="4" branch="False" />
                <line number="266" hits="4" branch="False" />
                <line number="267" hits="4" branch="False" />
                <line number="268" hits="4" branch="False" />
                <line number="269" hits="4" branch="False" />
                <line number="270" hits="5" branch="False" />
              </lines>
            </method>
            <method name="TryGetError" signature="(EricksonLopez.SharedKernel.Results.Error&amp;)" line-rate="1" branch-rate="1" complexity="2">
              <lines>
                <line number="284" hits="2" branch="False" />
                <line number="285" hits="2" branch="True" condition-coverage="100% (2/2)">
                  <conditions>
                    <condition number="8" type="jump" coverage="100%" />
                  </conditions>
                </line>
                <line number="286" hits="2" branch="False" />
                <line number="287" hits="2" branch="False" />
              </lines>
            </method>
            <method name="MapError" signature="(System.Func`2&lt;EricksonLopez.SharedKernel.Results.Error,EricksonLopez.SharedKernel.Results.Error&gt;)" line-rate="1" branch-rate="1" complexity="2">
              <lines>
                <line number="302" hits="6" branch="True" condition-coverage="100% (2/2)">
                  <conditions>
                    <condition number="6" type="jump" coverage="100%" />
                  </conditions>
                </line>
              </lines>
            </method>
            <method name="op_Implicit" signature="(EricksonLopez.SharedKernel.Results.Error)" line-rate="1" branch-rate="1" complexity="1">
              <lines>
                <line number="306" hits="1" branch="False" />
              </lines>
            </method>
            <method name=".ctor" signature="(System.Boolean,EricksonLopez.SharedKernel.Results.Error)" line-rate="1" branch-rate="1" complexity="8">
              <lines>
                <line number="33" hits="3734" branch="False" />
                <line number="34" hits="3734" branch="False" />
                <line number="35" hits="3734" branch="True" condition-coverage="100% (4/4)">
                  <conditions>
                    <condition number="9" type="jump" coverage="100%" />
                    <condition number="27" type="jump" coverage="100%" />
                  </conditions>
                </line>
                <line number="36" hits="1" branch="False" />
                <line number="38" hits="3733" branch="True" condition-coverage="100% (4/4)">
                  <conditions>
                    <condition number="41" type="jump" coverage="100%" />
                    <condition number="59" type="jump" coverage="100%" />
                  </conditions>
                </line>
                <line number="39" hits="1" branch="False" />
                <line number="41" hits="3732" branch="False" />
                <line number="42" hits="3732" branch="False" />
                <line number="43" hits="3732" branch="False" />
              </lines>
            </method>
            <method name=".cctor" signature="()" line-rate="1" branch-rate="1" complexity="1">
              <lines>
                <line number="51" hits="1" branch="False" />
              </lines>
            </method>
          </methods>
          <lines>
            <line number="45" hits="6413" branch="False" />
            <line number="46" hits="1201" branch="False" />
            <line number="47" hits="1635" branch="False" />
            <line number="53" hits="531" branch="False" />
            <line number="54" hits="542" branch="False" />
            <line number="56" hits="1093" branch="False" />
            <line number="57" hits="94" branch="False" />
            <line number="72" hits="6" branch="True" condition-coverage="100% (2/2)">
              <conditions>
                <condition number="6" type="jump" coverage="100%" />
              </conditions>
            </line>
            <line number="81" hits="6" branch="False" />
            <line number="82" hits="9" branch="True" condition-coverage="100% (2/2)">
              <conditions>
                <condition number="9" type="jump" coverage="100%" />
              </conditions>
            </line>
            <line number="83" hits="6" branch="False" />
            <line number="84" hits="6" branch="False" />
            <line number="91" hits="6" branch="False" />
            <line number="92" hits="9" branch="True" condition-coverage="100% (2/2)">
              <conditions>
                <condition number="9" type="jump" coverage="100%" />
              </conditions>
            </line>
            <line number="93" hits="6" branch="False" />
            <line number="94" hits="6" branch="False" />
            <line number="103" hits="9" branch="False" />
            <line number="104" hits="12" branch="True" condition-coverage="100% (2/2)">
              <conditions>
                <condition number="9" type="jump" coverage="100%" />
              </conditions>
            </line>
            <line number="105" hits="6" branch="True" condition-coverage="100% (2/2)">
              <conditions>
                <condition number="21" type="jump" coverage="100%" />
              </conditions>
            </line>
            <line number="106" hits="9" branch="False" />
            <line number="115" hits="6" branch="False" />
            <line number="116" hits="6" branch="False" />
            <line number="117" hits="6" branch="False" />
            <line number="118" hits="6" branch="False" />
            <line number="133" hits="2" branch="False" />
            <line number="135" hits="2" branch="False" />
            <line number="136" hits="2" branch="False" />
            <line number="137" hits="1" branch="False" />
            <line number="139" hits="1" branch="False" />
            <line number="140" hits="1" branch="False" />
            <line number="141" hits="1" branch="False" />
            <line number="143" hits="2" branch="False" />
            <line number="156" hits="2" branch="False" />
            <line number="158" hits="2" branch="False" />
            <line number="159" hits="2" branch="False" />
            <line number="161" hits="1" branch="False" />
            <line number="162" hits="1" branch="False" />
            <line number="163" hits="1" branch="False" />
            <line number="165" hits="2" branch="False" />
            <line number="174" hits="5" branch="False" />
            <line number="175" hits="5" branch="False" />
            <line number="177" hits="2033" branch="True" condition-coverage="100% (2/2)">
              <conditions>
                <condition number="60" type="jump" coverage="100%" />
              </conditions>
            </line>
            <line number="178" hits="1009" branch="False" />
            <line number="179" hits="1009" branch="True" condition-coverage="100% (2/2)">
              <conditions>
                <condition number="25" type="jump" coverage="100%" />
              </conditions>
            </line>
            <line number="180" hits="503" branch="False" />
            <line number="181" hits="503" branch="True" condition-coverage="100% (2/2)">
              <conditions>
                <condition number="29" type="jump" coverage="100%" />
              </conditions>
            </line>
            <line number="182" hits="503" branch="False" />
            <line number="183" hits="503" branch="False" />
            <line number="184" hits="1009" branch="False" />
            <line number="186" hits="5" branch="True" condition-coverage="100% (2/2)">
              <conditions>
                <condition number="70" type="jump" coverage="100%" />
              </conditions>
            </line>
            <line number="187" hits="2" branch="False" />
            <line number="189" hits="3" branch="True" condition-coverage="100% (2/2)">
              <conditions>
                <condition number="88" type="jump" coverage="100%" />
              </conditions>
            </line>
            <line number="190" hits="3" branch="False" />
            <line number="191" hits="3" branch="False" />
            <line number="192" hits="3" branch="False" />
            <line number="193" hits="3" branch="False" />
            <line number="194" hits="3" branch="False" />
            <line number="195" hits="5" branch="False" />
            <line number="202" hits="4" branch="False" />
            <line number="203" hits="4" branch="False" />
            <line number="204" hits="4" branch="False" />
            <line number="206" hits="30" branch="True" condition-coverage="100% (2/2)">
              <conditions>
                <condition number="90" type="jump" coverage="100%" />
              </conditions>
            </line>
            <line number="207" hits="9" branch="False" />
            <line number="208" hits="9" branch="True" condition-coverage="100% (2/2)">
              <conditions>
                <condition number="36" type="jump" coverage="100%" />
              </conditions>
            </line>
            <line number="209" hits="3" branch="False" />
            <line number="210" hits="3" branch="True" condition-coverage="100% (2/2)">
              <conditions>
                <condition number="40" type="jump" coverage="100%" />
              </conditions>
            </line>
            <line number="211" hits="3" branch="False" />
            <line number="212" hits="3" branch="False" />
            <line number="214" hits="6" branch="False" />
            <line number="215" hits="6" branch="False" />
            <line number="216" hits="6" branch="False" />
            <line number="217" hits="9" branch="False" />
            <line number="219" hits="4" branch="True" condition-coverage="100% (2/2)">
              <conditions>
                <condition number="100" type="jump" coverage="100%" />
              </conditions>
            </line>
            <line number="220" hits="2" branch="False" />
            <line number="222" hits="2" branch="True" condition-coverage="100% (2/2)">
              <conditions>
                <condition number="124" type="jump" coverage="100%" />
              </conditions>
            </line>
            <line number="223" hits="2" branch="False" />
            <line number="224" hits="2" branch="False" />
            <line number="225" hits="2" branch="False" />
            <line number="226" hits="2" branch="False" />
            <line number="227" hits="2" branch="False" />
            <line number="228" hits="4" branch="False" />
            <line number="234" hits="5" branch="False" />
            <line number="235" hits="5" branch="True" condition-coverage="100% (4/4)">
              <conditions>
                <condition number="7" type="jump" coverage="100%" />
                <condition number="20" type="jump" coverage="100%" />
              </conditions>
            </line>
            <line number="236" hits="1" branch="False" />
            <line number="238" hits="4" branch="False" />
            <line number="239" hits="6" branch="True" condition-coverage="100% (2/2)">
              <conditions>
                <condition number="64" type="jump" coverage="100%" />
              </conditions>
            </line>
            <line number="240" hits="7" branch="True" condition-coverage="100% (2/2)">
              <conditions>
                <condition number="89" type="jump" coverage="100%" />
              </conditions>
            </line>
            <line number="242" hits="4" branch="True" condition-coverage="100% (2/2)">
              <conditions>
                <condition number="111" type="jump" coverage="100%" />
              </conditions>
            </line>
            <line number="243" hits="4" branch="False" />
            <line number="244" hits="4" branch="False" />
            <line number="245" hits="4" branch="False" />
            <line number="246" hits="4" branch="False" />
            <line number="247" hits="4" branch="False" />
            <line number="248" hits="5" branch="False" />
            <line number="255" hits="5" branch="False" />
            <line number="256" hits="5" branch="True" condition-coverage="100% (6/6)">
              <conditions>
                <condition number="7" type="jump" coverage="100%" />
                <condition number="15" type="jump" coverage="100%" />
                <condition number="28" type="jump" coverage="100%" />
              </conditions>
            </line>
            <line number="257" hits="1" branch="False" />
            <line number="259" hits="4" branch="False" />
            <line number="260" hits="6" branch="True" condition-coverage="100% (2/2)">
              <conditions>
                <condition number="78" type="jump" coverage="100%" />
              </conditions>
            </line>
            <line number="261" hits="6" branch="True" condition-coverage="100% (2/2)">
              <conditions>
                <condition number="103" type="jump" coverage="100%" />
              </conditions>
            </line>
            <line number="262" hits="6" branch="True" condition-coverage="100% (2/2)">
              <conditions>
                <condition number="128" type="jump" coverage="100%" />
              </conditions>
            </line>
            <line number="264" hits="4" branch="True" condition-coverage="100% (2/2)">
              <conditions>
                <condition number="150" type="jump" coverage="100%" />
              </conditions>
            </line>
            <line number="265" hits="4" branch="False" />
            <line number="266" hits="4" branch="False" />
            <line number="267" hits="4" branch="False" />
            <line number="268" hits="4" branch="False" />
            <line number="269" hits="4" branch="False" />
            <line number="270" hits="5" branch="False" />
            <line number="284" hits="2" branch="False" />
            <line number="285" hits="2" branch="True" condition-coverage="100% (2/2)">
              <conditions>
                <condition number="8" type="jump" coverage="100%" />
              </conditions>
            </line>
            <line number="286" hits="2" branch="False" />
            <line number="287" hits="2" branch="False" />
            <line number="302" hits="6" branch="True" condition-coverage="100% (2/2)">
              <conditions>
                <condition number="6" type="jump" coverage="100%" />
              </conditions>
            </line>
            <line number="306" hits="1" branch="False" />
            <line number="33" hits="3734" branch="False" />
            <line number="34" hits="3734" branch="False" />
            <line number="35" hits="3734" branch="True" condition-coverage="100% (4/4)">
              <conditions>
                <condition number="9" type="jump" coverage="100%" />
                <condition number="27" type="jump" coverage="100%" />
              </conditions>
            </line>
            <line number="36" hits="1" branch="False" />
            <line number="38" hits="3733" branch="True" condition-coverage="100% (4/4)">
              <conditions>
                <condition number="41" type="jump" coverage="100%" />
                <condition number="59" type="jump" coverage="100%" />
              </conditions>
            </line>
            <line number="39" hits="1" branch="False" />
            <line number="41" hits="3732" branch="False" />
            <line number="42" hits="3732" branch="False" />
            <line number="43" hits="3732" branch="False" />
            <line number="51" hits="1" branch="False" />
          </lines>
        </class>
        <class name="EricksonLopez.SharedKernel.Results.Result`1" filename="src/EricksonLopez.SharedKernel/Results/Result.cs" line-rate="1" branch-rate="1" complexity="39">
          <methods>
            <method name="get_Value" signature="()" line-rate="1" branch-rate="1" complexity="2">
              <lines>
                <line number="344" hits="3080" branch="True" condition-coverage="100% (2/2)">
                  <conditions>
                    <condition number="6" type="jump" coverage="100%" />
                  </conditions>
                </line>
                <line number="345" hits="3080" branch="False" />
                <line number="346" hits="3080" branch="False" />
                <line number="347" hits="3080" branch="False" />
              </lines>
            </method>
            <method name="Success" signature="(TValue)" line-rate="1" branch-rate="1" complexity="1">
              <lines>
                <line number="351" hits="2094" branch="False" />
              </lines>
            </method>
            <method name="Failure" signature="(EricksonLopez.SharedKernel.Results.Error)" line-rate="1" branch-rate="1" complexity="1">
              <lines>
                <line number="352" hits="1095" branch="False" />
              </lines>
            </method>
            <method name="Map" signature="(System.Func`2&lt;TValue,TNext&gt;)" line-rate="1" branch-rate="1" complexity="2">
              <lines>
                <line number="361" hits="1010" branch="True" condition-coverage="100% (2/2)">
                  <conditions>
                    <condition number="6" type="jump" coverage="100%" />
                  </conditions>
                </line>
              </lines>
            </method>
            <method name="Bind" signature="(System.Func`2&lt;TValue,EricksonLopez.SharedKernel.Results.Result`1&lt;TNext&gt;&gt;)" line-rate="1" branch-rate="1" complexity="2">
              <lines>
                <line number="368" hits="6" branch="True" condition-coverage="100% (2/2)">
                  <conditions>
                    <condition number="6" type="jump" coverage="100%" />
                  </conditions>
                </line>
              </lines>
            </method>
            <method name="Match" signature="(System.Func`2&lt;TValue,TOut&gt;,System.Func`2&lt;EricksonLopez.SharedKernel.Results.Error,TOut&gt;)" line-rate="1" branch-rate="1" complexity="2">
              <lines>
                <line number="383" hits="7" branch="True" condition-coverage="100% (2/2)">
                  <conditions>
                    <condition number="6" type="jump" coverage="100%" />
                  </conditions>
                </line>
              </lines>
            </method>
            <method name="Tap" signature="(System.Action`1&lt;TValue&gt;)" line-rate="1" branch-rate="1" complexity="2">
              <lines>
                <line number="392" hits="8" branch="False" />
                <line number="393" hits="13" branch="True" condition-coverage="100% (2/2)">
                  <conditions>
                    <condition number="9" type="jump" coverage="100%" />
                  </conditions>
                </line>
                <line number="394" hits="8" branch="False" />
                <line number="395" hits="8" branch="False" />
              </lines>
            </method>
            <method name="TapError" signature="(System.Action`1&lt;EricksonLopez.SharedKernel.Results.Error&gt;)" line-rate="1" branch-rate="1" complexity="2">
              <lines>
                <line number="402" hits="6" branch="False" />
                <line number="403" hits="10" branch="True" condition-coverage="100% (2/2)">
                  <conditions>
                    <condition number="9" type="jump" coverage="100%" />
                  </conditions>
                </line>
                <line number="404" hits="6" branch="False" />
                <line number="405" hits="6" branch="False" />
              </lines>
            </method>
            <method name="Ensure" signature="(System.Func`2&lt;TValue,System.Boolean&gt;,EricksonLopez.SharedKernel.Results.Error)" line-rate="1" branch-rate="1" complexity="4">
              <lines>
                <line number="420" hits="11" branch="False" />
                <line number="421" hits="12" branch="True" condition-coverage="100% (2/2)">
                  <conditions>
                    <condition number="9" type="jump" coverage="100%" />
                  </conditions>
                </line>
                <line number="422" hits="10" branch="True" condition-coverage="100% (2/2)">
                  <conditions>
                    <condition number="27" type="jump" coverage="100%" />
                  </conditions>
                </line>
                <line number="423" hits="11" branch="False" />
              </lines>
            </method>
            <method name="Recover" signature="(System.Func`2&lt;EricksonLopez.SharedKernel.Results.Error,EricksonLopez.SharedKernel.Results.Result`1&lt;TValue&gt;&gt;)" line-rate="1" branch-rate="1" complexity="2">
              <lines>
                <line number="438" hits="8" branch="True" condition-coverage="100% (2/2)">
                  <conditions>
                    <condition number="6" type="jump" coverage="100%" />
                  </conditions>
                </line>
              </lines>
            </method>
            <method name="Finally" signature="(System.Action`1&lt;EricksonLopez.SharedKernel.Results.Result`1&lt;TValue&gt;&gt;)" line-rate="1" branch-rate="1" complexity="1">
              <lines>
                <line number="447" hits="5" branch="False" />
                <line number="448" hits="5" branch="False" />
                <line number="449" hits="5" branch="False" />
                <line number="450" hits="5" branch="False" />
              </lines>
            </method>
            <method name="TryGetValue" signature="(TValue&amp;)" line-rate="1" branch-rate="1" complexity="2">
              <lines>
                <line number="464" hits="3" branch="False" />
                <line number="465" hits="3" branch="True" condition-coverage="100% (2/2)">
                  <conditions>
                    <condition number="8" type="jump" coverage="100%" />
                  </conditions>
                </line>
                <line number="466" hits="3" branch="False" />
                <line number="467" hits="3" branch="False" />
              </lines>
            </method>
            <method name="TryGetError" signature="(EricksonLopez.SharedKernel.Results.Error&amp;)" line-rate="1" branch-rate="1" complexity="2">
              <lines>
                <line number="473" hits="2" branch="False" />
                <line number="474" hits="2" branch="True" condition-coverage="100% (2/2)">
                  <conditions>
                    <condition number="8" type="jump" coverage="100%" />
                  </conditions>
                </line>
                <line number="475" hits="2" branch="False" />
                <line number="476" hits="2" branch="False" />
              </lines>
            </method>
            <method name="GetValueOrDefault" signature="(TValue)" line-rate="1" branch-rate="1" complexity="2">
              <lines>
                <line number="491" hits="2" branch="True" condition-coverage="100% (2/2)">
                  <conditions>
                    <condition number="6" type="jump" coverage="100%" />
                  </conditions>
                </line>
              </lines>
            </method>
            <method name="GetValueOrDefault" signature="(System.Func`2&lt;EricksonLopez.SharedKernel.Results.Error,TValue&gt;)" line-rate="1" branch-rate="1" complexity="2">
              <lines>
                <line number="503" hits="2" branch="True" condition-coverage="100% (2/2)">
                  <conditions>
                    <condition number="6" type="jump" coverage="100%" />
                  </conditions>
                </line>
              </lines>
            </method>
            <method name="MapError" signature="(System.Func`2&lt;EricksonLopez.SharedKernel.Results.Error,EricksonLopez.SharedKernel.Results.Error&gt;)" line-rate="1" branch-rate="1" complexity="2">
              <lines>
                <line number="518" hits="7" branch="True" condition-coverage="100% (2/2)">
                  <conditions>
                    <condition number="6" type="jump" coverage="100%" />
                  </conditions>
                </line>
              </lines>
            </method>
            <method name="ToResult" signature="()" line-rate="1" branch-rate="1" complexity="2">
              <lines>
                <line number="534" hits="2" branch="True" condition-coverage="100% (2/2)">
                  <conditions>
                    <condition number="6" type="jump" coverage="100%" />
                  </conditions>
                </line>
              </lines>
            </method>
            <method name="Deconstruct" signature="(System.Boolean&amp;,TValue&amp;,EricksonLopez.SharedKernel.Results.Error&amp;)" line-rate="1" branch-rate="1" complexity="2">
              <lines>
                <line number="548" hits="3" branch="False" />
                <line number="549" hits="3" branch="False" />
                <line number="550" hits="3" branch="True" condition-coverage="100% (2/2)">
                  <conditions>
                    <condition number="16" type="jump" coverage="100%" />
                  </conditions>
                </line>
                <line number="551" hits="3" branch="False" />
                <line number="552" hits="3" branch="False" />
              </lines>
            </method>
            <method name="op_Implicit" signature="(TValue)" line-rate="1" branch-rate="1" complexity="1">
              <lines>
                <line number="556" hits="1001" branch="False" />
              </lines>
            </method>
            <method name="op_Implicit" signature="(EricksonLopez.SharedKernel.Results.Error)" line-rate="1" branch-rate="1" complexity="1">
              <lines>
                <line number="557" hits="1001" branch="False" />
              </lines>
            </method>
            <method name=".ctor" signature="(TValue)" line-rate="1" branch-rate="1" complexity="1">
              <lines>
                <line number="334" hits="2094" branch="False" />
                <line number="335" hits="2094" branch="False" />
              </lines>
            </method>
            <method name=".ctor" signature="(EricksonLopez.SharedKernel.Results.Error)" line-rate="1" branch-rate="1" complexity="1">
              <lines>
                <line number="337" hits="1095" branch="False" />
                <line number="338" hits="1095" branch="False" />
              </lines>
            </method>
          </methods>
          <lines>
            <line number="344" hits="3080" branch="True" condition-coverage="100% (2/2)">
              <conditions>
                <condition number="6" type="jump" coverage="100%" />
              </conditions>
            </line>
            <line number="345" hits="3080" branch="False" />
            <line number="346" hits="3080" branch="False" />
            <line number="347" hits="3080" branch="False" />
            <line number="351" hits="2094" branch="False" />
            <line number="352" hits="1095" branch="False" />
            <line number="361" hits="1010" branch="True" condition-coverage="100% (2/2)">
              <conditions>
                <condition number="6" type="jump" coverage="100%" />
              </conditions>
            </line>
            <line number="368" hits="6" branch="True" condition-coverage="100% (2/2)">
              <conditions>
                <condition number="6" type="jump" coverage="100%" />
              </conditions>
            </line>
            <line number="383" hits="7" branch="True" condition-coverage="100% (2/2)">
              <conditions>
                <condition number="6" type="jump" coverage="100%" />
              </conditions>
            </line>
            <line number="392" hits="8" branch="False" />
            <line number="393" hits="13" branch="True" condition-coverage="100% (2/2)">
              <conditions>
                <condition number="9" type="jump" coverage="100%" />
              </conditions>
            </line>
            <line number="394" hits="8" branch="False" />
            <line number="395" hits="8" branch="False" />
            <line number="402" hits="6" branch="False" />
            <line number="403" hits="10" branch="True" condition-coverage="100% (2/2)">
              <conditions>
                <condition number="9" type="jump" coverage="100%" />
              </conditions>
            </line>
            <line number="404" hits="6" branch="False" />
            <line number="405" hits="6" branch="False" />
            <line number="420" hits="11" branch="False" />
            <line number="421" hits="12" branch="True" condition-coverage="100% (2/2)">
              <conditions>
                <condition number="9" type="jump" coverage="100%" />
              </conditions>
            </line>
            <line number="422" hits="10" branch="True" condition-coverage="100% (2/2)">
              <conditions>
                <condition number="27" type="jump" coverage="100%" />
              </conditions>
            </line>
            <line number="423" hits="11" branch="False" />
            <line number="438" hits="8" branch="True" condition-coverage="100% (2/2)">
              <conditions>
                <condition number="6" type="jump" coverage="100%" />
              </conditions>
            </line>
            <line number="447" hits="5" branch="False" />
            <line number="448" hits="5" branch="False" />
            <line number="449" hits="5" branch="False" />
            <line number="450" hits="5" branch="False" />
            <line number="464" hits="3" branch="False" />
            <line number="465" hits="3" branch="True" condition-coverage="100% (2/2)">
              <conditions>
                <condition number="8" type="jump" coverage="100%" />
              </conditions>
            </line>
            <line number="466" hits="3" branch="False" />
            <line number="467" hits="3" branch="False" />
            <line number="473" hits="2" branch="False" />
            <line number="474" hits="2" branch="True" condition-coverage="100% (2/2)">
              <conditions>
                <condition number="8" type="jump" coverage="100%" />
              </conditions>
            </line>
            <line number="475" hits="2" branch="False" />
            <line number="476" hits="2" branch="False" />
            <line number="491" hits="2" branch="True" condition-coverage="100% (2/2)">
              <conditions>
                <condition number="6" type="jump" coverage="100%" />
              </conditions>
            </line>
            <line number="503" hits="2" branch="True" condition-coverage="100% (2/2)">
              <conditions>
                <condition number="6" type="jump" coverage="100%" />
              </conditions>
            </line>
            <line number="518" hits="7" branch="True" condition-coverage="100% (2/2)">
              <conditions>
                <condition number="6" type="jump" coverage="100%" />
              </conditions>
            </line>
            <line number="534" hits="2" branch="True" condition-coverage="100% (2/2)">
              <conditions>
                <condition number="6" type="jump" coverage="100%" />
              </conditions>
            </line>
            <line number="548" hits="3" branch="False" />
            <line number="549" hits="3" branch="False" />
            <line number="550" hits="3" branch="True" condition-coverage="100% (2/2)">
              <conditions>
                <condition number="16" type="jump" coverage="100%" />
              </conditions>
            </line>
            <line number="551" hits="3" branch="False" />
            <line number="552" hits="3" branch="False" />
            <line number="556" hits="1001" branch="False" />
            <line number="557" hits="1001" branch="False" />
            <line number="334" hits="2094" branch="False" />
            <line number="335" hits="2094" branch="False" />
            <line number="337" hits="1095" branch="False" />
            <line number="338" hits="1095" branch="False" />
          </lines>
        </class>
        <class name="EricksonLopez.SharedKernel.Results.ResultExtensions/&lt;Bind&gt;d__2`2" filename="src/EricksonLopez.SharedKernel/Results/ResultExtensions.cs" line-rate="1" branch-rate="1" complexity="1">
          <methods>
            <method name="MoveNext" signature="()" line-rate="1" branch-rate="1" complexity="1">
              <lines>
                <line number="55" hits="1" branch="False" />
                <line number="56" hits="1" branch="False" />
                <line number="57" hits="1" branch="False" />
                <line number="58" hits="1" branch="False" />
              </lines>
            </method>
          </methods>
          <lines>
            <line number="55" hits="1" branch="False" />
            <line number="56" hits="1" branch="False" />
            <line number="57" hits="1" branch="False" />
            <line number="58" hits="1" branch="False" />
          </lines>
        </class>
        <class name="EricksonLopez.SharedKernel.Results.ResultExtensions/&lt;Bind&gt;d__24`2" filename="src/EricksonLopez.SharedKernel/Results/ResultExtensions.cs" line-rate="1" branch-rate="1" complexity="1">
          <methods>
            <method name="MoveNext" signature="()" line-rate="1" branch-rate="1" complexity="1">
              <lines>
                <line number="265" hits="2" branch="False" />
                <line number="266" hits="2" branch="False" />
                <line number="267" hits="2" branch="False" />
                <line number="268" hits="2" branch="False" />
              </lines>
            </method>
          </methods>
          <lines>
            <line number="265" hits="2" branch="False" />
            <line number="266" hits="2" branch="False" />
            <line number="267" hits="2" branch="False" />
            <line number="268" hits="2" branch="False" />
          </lines>
        </class>
        <class name="EricksonLopez.SharedKernel.Results.ResultExtensions/&lt;Bind&gt;d__25`2" filename="src/EricksonLopez.SharedKernel/Results/ResultExtensions.cs" line-rate="1" branch-rate="1" complexity="2">
          <methods>
            <method name="MoveNext" signature="()" line-rate="1" branch-rate="1" complexity="2">
              <lines>
                <line number="273" hits="2" branch="False" />
                <line number="274" hits="2" branch="False" />
                <line number="275" hits="3" branch="True" condition-coverage="100% (2/2)">
                  <conditions>
                    <condition number="171" type="jump" coverage="100%" />
                  </conditions>
                </line>
                <line number="276" hits="1" branch="False" />
                <line number="277" hits="2" branch="False" />
              </lines>
            </method>
          </methods>
          <lines>
            <line number="273" hits="2" branch="False" />
            <line number="274" hits="2" branch="False" />
            <line number="275" hits="3" branch="True" condition-coverage="100% (2/2)">
              <conditions>
                <condition number="171" type="jump" coverage="100%" />
              </conditions>
            </line>
            <line number="276" hits="1" branch="False" />
            <line number="277" hits="2" branch="False" />
          </lines>
        </class>
        <class name="EricksonLopez.SharedKernel.Results.ResultExtensions/&lt;Bind&gt;d__3`2" filename="src/EricksonLopez.SharedKernel/Results/ResultExtensions.cs" line-rate="1" branch-rate="1" complexity="2">
          <methods>
            <method name="MoveNext" signature="()" line-rate="1" branch-rate="1" complexity="2">
              <lines>
                <line number="63" hits="3" branch="False" />
                <line number="64" hits="3" branch="False" />
                <line number="65" hits="4" branch="True" condition-coverage="100% (2/2)">
                  <conditions>
                    <condition number="171" type="jump" coverage="100%" />
                  </conditions>
                </line>
                <line number="66" hits="2" branch="False" />
                <line number="67" hits="3" branch="False" />
              </lines>
            </method>
          </methods>
          <lines>
            <line number="63" hits="3" branch="False" />
            <line number="64" hits="3" branch="False" />
            <line number="65" hits="4" branch="True" condition-coverage="100% (2/2)">
              <conditions>
                <condition number="171" type="jump" coverage="100%" />
              </conditions>
            </line>
            <line number="66" hits="2" branch="False" />
            <line number="67" hits="3" branch="False" />
          </lines>
        </class>
        <class name="EricksonLopez.SharedKernel.Results.ResultExtensions/&lt;Ensure&gt;d__10`1" filename="src/EricksonLopez.SharedKernel/Results/ResultExtensions.cs" line-rate="1" branch-rate="1" complexity="4">
          <methods>
            <method name="MoveNext" signature="()" line-rate="1" branch-rate="1" complexity="4">
              <lines>
                <line number="131" hits="3" branch="False" />
                <line number="132" hits="3" branch="False" />
                <line number="133" hits="4" branch="True" condition-coverage="100% (2/2)">
                  <conditions>
                    <condition number="171" type="jump" coverage="100%" />
                  </conditions>
                </line>
                <line number="134" hits="2" branch="True" condition-coverage="100% (2/2)">
                  <conditions>
                    <condition number="322" type="jump" coverage="100%" />
                  </conditions>
                </line>
                <line number="135" hits="2" branch="False" />
                <line number="136" hits="2" branch="False" />
                <line number="137" hits="3" branch="False" />
              </lines>
            </method>
          </methods>
          <lines>
            <line number="131" hits="3" branch="False" />
            <line number="132" hits="3" branch="False" />
            <line number="133" hits="4" branch="True" condition-coverage="100% (2/2)">
              <conditions>
                <condition number="171" type="jump" coverage="100%" />
              </conditions>
            </line>
[...]
              </lines>
            </method>
            <method name="RaiseDomainEvent" signature="(EricksonLopez.SharedKernel.Domain.IDomainEvent)" line-rate="1" branch-rate="1" complexity="2">
              <lines>
                <line number="61" hits="20015" branch="False" />
                <line number="62" hits="20016" branch="True" condition-coverage="100% (2/2)">
                  <conditions>
                    <condition number="7" type="jump" coverage="100%" />
                  </conditions>
                </line>
                <line number="64" hits="20014" branch="False" />
                <line number="65" hits="20014" branch="False" />
                <line number="66" hits="20014" branch="False" />
                <line number="67" hits="20014" branch="False" />
                <line number="68" hits="20014" branch="False" />
              </lines>
            </method>
            <method name="ClearDomainEvents" signature="()" line-rate="1" branch-rate="1" complexity="1">
              <lines>
                <line number="75" hits="1002" branch="False" />
                <line number="76" hits="1002" branch="False" />
                <line number="77" hits="1002" branch="False" />
                <line number="78" hits="1002" branch="False" />
                <line number="79" hits="1002" branch="False" />
                <line number="80" hits="1002" branch="False" />
              </lines>
            </method>
            <method name=".ctor" signature="()" line-rate="1" branch-rate="1" complexity="1">
              <lines>
                <line number="36" hits="14" branch="False" />
                <line number="37" hits="14" branch="False" />
              </lines>
            </method>
          </methods>
          <lines>
            <line number="46" hits="10" branch="False" />
            <line number="47" hits="10" branch="False" />
            <line number="48" hits="10" branch="False" />
            <line number="49" hits="10" branch="False" />
            <line number="51" hits="10" branch="False" />
            <line number="61" hits="20015" branch="False" />
            <line number="62" hits="20016" branch="True" condition-coverage="100% (2/2)">
              <conditions>
                <condition number="7" type="jump" coverage="100%" />
              </conditions>
            </line>
            <line number="64" hits="20014" branch="False" />
            <line number="65" hits="20014" branch="False" />
            <line number="66" hits="20014" branch="False" />
            <line number="67" hits="20014" branch="False" />
            <line number="68" hits="20014" branch="False" />
            <line number="75" hits="1002" branch="False" />
            <line number="76" hits="1002" branch="False" />
            <line number="77" hits="1002" branch="False" />
            <line number="78" hits="1002" branch="False" />
            <line number="79" hits="1002" branch="False" />
            <line number="80" hits="1002" branch="False" />
            <line number="36" hits="14" branch="False" />
            <line number="37" hits="14" branch="False" />
          </lines>
        </class>
        <class name="EricksonLopez.SharedKernel.Domain.Entity`1" filename="src/EricksonLopez.SharedKernel/Domain/Entity.cs" line-rate="1" branch-rate="1" complexity="13">
          <methods>
            <method name="get_Id" signature="()" line-rate="1" branch-rate="1" complexity="1">
              <lines>
                <line number="25" hits="20062" branch="False" />
              </lines>
            </method>
            <method name="Equals" signature="(EricksonLopez.SharedKernel.Domain.Entity`1&lt;TId&gt;)" line-rate="1" branch-rate="1" complexity="6">
              <lines>
                <line number="30" hits="12" branch="False" />
                <line number="31" hits="12" branch="True" condition-coverage="100% (4/4)">
                  <conditions>
                    <condition number="2" type="jump" coverage="100%" />
                    <condition number="26" type="jump" coverage="100%" />
                  </conditions>
                </line>
                <line number="32" hits="3" branch="False" />
                <line number="34" hits="9" branch="True" condition-coverage="100% (2/2)">
                  <conditions>
                    <condition number="38" type="jump" coverage="100%" />
                  </conditions>
                </line>
                <line number="35" hits="2" branch="False" />
                <line number="37" hits="7" branch="False" />
                <line number="38" hits="12" branch="False" />
              </lines>
            </method>
            <method name="Equals" signature="(System.Object)" line-rate="1" branch-rate="1" complexity="2">
              <lines>
                <line number="41" hits="5" branch="True" condition-coverage="100% (2/2)">
                  <conditions>
                    <condition number="8" type="jump" coverage="100%" />
                  </conditions>
                </line>
              </lines>
            </method>
            <method name="GetHashCode" signature="()" line-rate="1" branch-rate="1" complexity="1">
              <lines>
                <line number="43" hits="1" branch="False" />
              </lines>
            </method>
            <method name="op_Equality" signature="(EricksonLopez.SharedKernel.Domain.Entity`1&lt;TId&gt;,EricksonLopez.SharedKernel.Domain.Entity`1&lt;TId&gt;)" line-rate="1" branch-rate="1" complexity="2">
              <lines>
                <line number="46" hits="8" branch="True" condition-coverage="100% (2/2)">
                  <conditions>
                    <condition number="1" type="jump" coverage="100%" />
                  </conditions>
                </line>
              </lines>
            </method>
            <method name="op_Inequality" signature="(EricksonLopez.SharedKernel.Domain.Entity`1&lt;TId&gt;,EricksonLopez.SharedKernel.Domain.Entity`1&lt;TId&gt;)" line-rate="1" branch-rate="1" complexity="1">
              <lines>
                <line number="49" hits="3" branch="False" />
              </lines>
            </method>
          </methods>
          <lines>
            <line number="25" hits="20062" branch="False" />
            <line number="30" hits="12" branch="False" />
            <line number="31" hits="12" branch="True" condition-coverage="100% (4/4)">
              <conditions>
                <condition number="2" type="jump" coverage="100%" />
                <condition number="26" type="jump" coverage="100%" />
              </conditions>
            </line>
            <line number="32" hits="3" branch="False" />
            <line number="34" hits="9" branch="True" condition-coverage="100% (2/2)">
              <conditions>
                <condition number="38" type="jump" coverage="100%" />
              </conditions>
            </line>
            <line number="35" hits="2" branch="False" />
            <line number="37" hits="7" branch="False" />
            <line number="38" hits="12" branch="False" />
            <line number="41" hits="5" branch="True" condition-coverage="100% (2/2)">
              <conditions>
                <condition number="8" type="jump" coverage="100%" />
              </conditions>
            </line>
            <line number="43" hits="1" branch="False" />
            <line number="46" hits="8" branch="True" condition-coverage="100% (2/2)">
              <conditions>
                <condition number="1" type="jump" coverage="100%" />
              </conditions>
            </line>
            <line number="49" hits="3" branch="False" />
          </lines>
        </class>
        <class name="EricksonLopez.SharedKernel.Domain.ValueObject" filename="src/EricksonLopez.SharedKernel/Domain/ValueObject.cs" line-rate="1" branch-rate="1" complexity="10">
          <methods>
            <method name="Equals" signature="(EricksonLopez.SharedKernel.Domain.ValueObject)" line-rate="1" branch-rate="1" complexity="4">
              <lines>
                <line number="71" hits="2012" branch="False" />
                <line number="72" hits="2012" branch="True" condition-coverage="100% (4/4)">
                  <conditions>
                    <condition number="2" type="jump" coverage="100%" />
                    <condition number="26" type="jump" coverage="100%" />
                  </conditions>
                </line>
                <line number="73" hits="2" branch="False" />
                <line number="75" hits="2010" branch="False" />
                <line number="76" hits="2012" branch="False" />
              </lines>
            </method>
            <method name="Equals" signature="(System.Object)" line-rate="1" branch-rate="1" complexity="2">
              <lines>
                <line number="79" hits="6" branch="True" condition-coverage="100% (2/2)">
                  <conditions>
                    <condition number="8" type="jump" coverage="100%" />
                  </conditions>
                </line>
              </lines>
            </method>
            <method name="GetHashCode" signature="()" line-rate="1" branch-rate="1" complexity="1">
              <lines>
                <line number="82" hits="3006" branch="False" />
                <line number="83" hits="9018" branch="False" />
              </lines>
            </method>
            <method name="op_Equality" signature="(EricksonLopez.SharedKernel.Domain.ValueObject,EricksonLopez.SharedKernel.Domain.ValueObject)" line-rate="1" branch-rate="1" complexity="2">
              <lines>
                <line number="86" hits="7" branch="True" condition-coverage="100% (2/2)">
                  <conditions>
                    <condition number="1" type="jump" coverage="100%" />
                  </conditions>
                </line>
              </lines>
            </method>
            <method name="op_Inequality" signature="(EricksonLopez.SharedKernel.Domain.ValueObject,EricksonLopez.SharedKernel.Domain.ValueObject)" line-rate="1" branch-rate="1" complexity="1">
              <lines>
                <line number="89" hits="2" branch="False" />
              </lines>
            </method>
          </methods>
          <lines>
            <line number="71" hits="2012" branch="False" />
            <line number="72" hits="2012" branch="True" condition-coverage="100% (4/4)">
              <conditions>
                <condition number="2" type="jump" coverage="100%" />
                <condition number="26" type="jump" coverage="100%" />
              </conditions>
            </line>
            <line number="73" hits="2" branch="False" />
            <line number="75" hits="2010" branch="False" />
            <line number="76" hits="2012" branch="False" />
            <line number="79" hits="6" branch="True" condition-coverage="100% (2/2)">
              <conditions>
                <condition number="8" type="jump" coverage="100%" />
              </conditions>
            </line>
            <line number="82" hits="3006" branch="False" />
            <line number="83" hits="9018" branch="False" />
            <line number="86" hits="7" branch="True" condition-coverage="100% (2/2)">
              <conditions>
                <condition number="1" type="jump" coverage="100%" />
              </conditions>
            </line>
            <line number="89" hits="2" branch="False" />
          </lines>
        </class>
      </classes>
    </package>
    <package name="EricksonLopez.SharedKernel.Testing" line-rate="1" branch-rate="1" complexity="12">
      <classes>
        <class name="EricksonLopez.SharedKernel.Testing.ResultAssertionsExtensions" filename="tests/EricksonLopez.SharedKernel.Testing/ResultAssertions.cs" line-rate="1" branch-rate="1" complexity="12">
          <methods>
            <method name="ShouldBeSuccess" signature="(EricksonLopez.SharedKernel.Results.Result,System.String,System.Object[])" line-rate="1" branch-rate="1" complexity="2">
              <lines>
                <line number="9" hits="4" branch="False" />
                <line number="10" hits="4" branch="True" condition-coverage="100% (2/2)">
                  <conditions>
                    <condition number="9" type="jump" coverage="100%" />
                  </conditions>
                </line>
                <line number="11" hits="2" branch="False" />
                <line number="12" hits="2" branch="False" />
              </lines>
            </method>
            <method name="ShouldBeFailure" signature="(EricksonLopez.SharedKernel.Results.Result,System.String,System.Object[])" line-rate="1" branch-rate="1" complexity="1">
              <lines>
                <line number="15" hits="15" branch="False" />
                <line number="16" hits="15" branch="False" />
                <line number="17" hits="11" branch="False" />
              </lines>
            </method>
            <method name="ShouldHaveError" signature="(EricksonLopez.SharedKernel.Results.Result,EricksonLopez.SharedKernel.Results.Error,System.String,System.Object[])" line-rate="1" branch-rate="1" complexity="1">
              <lines>
                <line number="20" hits="5" branch="False" />
                <line number="21" hits="5" branch="False" />
                <line number="22" hits="3" branch="False" />
                <line number="23" hits="2" branch="False" />
              </lines>
            </method>
            <method name="ShouldBeSuccess" signature="(EricksonLopez.SharedKernel.Results.Result`1&lt;T&gt;,System.String,System.Object[])" line-rate="1" branch-rate="1" complexity="2">
              <lines>
                <line number="26" hits="4" branch="False" />
                <line number="27" hits="4" branch="True" condition-coverage="100% (2/2)">
                  <conditions>
                    <condition number="9" type="jump" coverage="100%" />
                  </conditions>
                </line>
                <line number="28" hits="2" branch="False" />
                <line number="29" hits="2" branch="False" />
              </lines>
            </method>
            <method name="ShouldBeFailure" signature="(EricksonLopez.SharedKernel.Results.Result`1&lt;T&gt;,System.String,System.Object[])" line-rate="1" branch-rate="1" complexity="1">
              <lines>
                <line number="32" hits="15" branch="False" />
                <line number="33" hits="15" branch="False" />
                <line number="34" hits="11" branch="False" />
              </lines>
            </method>
            <method name="ShouldHaveError" signature="(EricksonLopez.SharedKernel.Results.Result`1&lt;T&gt;,EricksonLopez.SharedKernel.Results.Error,System.String,System.Object[])" line-rate="1" branch-rate="1" complexity="1">
              <lines>
                <line number="37" hits="5" branch="False" />
                <line number="38" hits="5" branch="False" />
                <line number="39" hits="3" branch="False" />
                <line number="40" hits="2" branch="False" />
              </lines>
            </method>
            <method name="ShouldHaveErrorType" signature="(EricksonLopez.SharedKernel.Results.Result,EricksonLopez.SharedKernel.Results.ErrorType,System.String,System.Object[])" line-rate="1" branch-rate="1" complexity="1">
              <lines>
                <line number="43" hits="4" branch="False" />
                <line number="44" hits="4" branch="False" />
                <line number="45" hits="4" branch="False" />
                <line number="46" hits="2" branch="False" />
              </lines>
            </method>
            <method name="ShouldHaveErrorCode" signature="(EricksonLopez.SharedKernel.Results.Result,System.String,System.String,System.Object[])" line-rate="1" branch-rate="1" complexity="1">
              <lines>
                <line number="49" hits="2" branch="False" />
                <line number="50" hits="2" branch="False" />
                <line number="51" hits="2" branch="False" />
                <line number="52" hits="1" branch="False" />
              </lines>
            </method>
            <method name="ShouldHaveErrorType" signature="(EricksonLopez.SharedKernel.Results.Result`1&lt;T&gt;,EricksonLopez.SharedKernel.Results.ErrorType,System.String,System.Object[])" line-rate="1" branch-rate="1" complexity="1">
              <lines>
                <line number="55" hits="2" branch="False" />
                <line number="56" hits="2" branch="False" />
                <line number="57" hits="2" branch="False" />
                <line number="58" hits="1" branch="False" />
              </lines>
            </method>
            <method name="ShouldHaveErrorCode" signature="(EricksonLopez.SharedKernel.Results.Result`1&lt;T&gt;,System.String,System.String,System.Object[])" line-rate="1" branch-rate="1" complexity="1">
              <lines>
                <line number="61" hits="4" branch="False" />
                <line number="62" hits="4" branch="False" />
                <line number="63" hits="4" branch="False" />
                <line number="64" hits="2" branch="False" />
              </lines>
            </method>
          </methods>
          <lines>
            <line number="9" hits="4" branch="False" />
            <line number="10" hits="4" branch="True" condition-coverage="100% (2/2)">
              <conditions>
                <condition number="9" type="jump" coverage="100%" />
              </conditions>
            </line>
            <line number="11" hits="2" branch="False" />
            <line number="12" hits="2" branch="False" />
            <line number="15" hits="15" branch="False" />
            <line number="16" hits="15" branch="False" />
            <line number="17" hits="11" branch="False" />
            <line number="20" hits="5" branch="False" />
            <line number="21" hits="5" branch="False" />
            <line number="22" hits="3" branch="False" />
            <line number="23" hits="2" branch="False" />
            <line number="26" hits="4" branch="False" />
            <line number="27" hits="4" branch="True" condition-coverage="100% (2/2)">
              <conditions>
                <condition number="9" type="jump" coverage="100%" />
              </conditions>
            </line>
            <line number="28" hits="2" branch="False" />
            <line number="29" hits="2" branch="False" />
            <line number="32" hits="15" branch="False" />
            <line number="33" hits="15" branch="False" />
            <line number="34" hits="11" branch="False" />
            <line number="37" hits="5" branch="False" />
            <line number="38" hits="5" branch="False" />
            <line number="39" hits="3" branch="False" />
            <line number="40" hits="2" branch="False" />
            <line number="43" hits="4" branch="False" />
            <line number="44" hits="4" branch="False" />
            <line number="45" hits="4" branch="False" />
            <line number="46" hits="2" branch="False" />
            <line number="49" hits="2" branch="False" />
            <line number="50" hits="2" branch="False" />
            <line number="51" hits="2" branch="False" />
            <line number="52" hits="1" branch="False" />
            <line number="55" hits="2" branch="False" />
            <line number="56" hits="2" branch="False" />
            <line number="57" hits="2" branch="False" />
            <line number="58" hits="1" branch="False" />
            <line number="61" hits="4" branch="False" />
            <line number="62" hits="4" branch="False" />
            <line number="63" hits="4" branch="False" />
            <line number="64" hits="2" branch="False" />
          </lines>
        </class>
      </classes>
    </package>
  </packages>
</coverage>